2023-02-08 02:51:10,977 - mmcls - INFO - Environment info:
------------------------------------------------------------
sys.platform: linux
Python: 3.7.15 (default, Nov  7 2022, 22:00:21) [GCC 11.2.0]
CUDA available: True
GPU 0,1: NVIDIA GeForce RTX 3090 Ti
CUDA_HOME: /usr
NVCC: Cuda compilation tools, release 10.1, V10.1.24
GCC: gcc (Ubuntu 9.4.0-1ubuntu1~20.04.1) 9.4.0
PyTorch: 1.12.1+cu113
PyTorch compiling details: PyTorch built with:
  - GCC 9.3
  - C++ Version: 201402
  - Intel(R) Math Kernel Library Version 2020.0.0 Product Build 20191122 for Intel(R) 64 architecture applications
  - Intel(R) MKL-DNN v2.6.0 (Git Hash 52b5f107dd9cf10910aaa19cb47f3abf9b349815)
  - OpenMP 201511 (a.k.a. OpenMP 4.5)
  - LAPACK is enabled (usually provided by MKL)
  - NNPACK is enabled
  - CPU capability usage: AVX2
  - CUDA Runtime 11.3
  - NVCC architecture flags: -gencode;arch=compute_37,code=sm_37;-gencode;arch=compute_50,code=sm_50;-gencode;arch=compute_60,code=sm_60;-gencode;arch=compute_70,code=sm_70;-gencode;arch=compute_75,code=sm_75;-gencode;arch=compute_80,code=sm_80;-gencode;arch=compute_86,code=sm_86
  - CuDNN 8.3.2  (built against CUDA 11.5)
  - Magma 2.5.2
  - Build settings: BLAS_INFO=mkl, BUILD_TYPE=Release, CUDA_VERSION=11.3, CUDNN_VERSION=8.3.2, CXX_COMPILER=/opt/rh/devtoolset-9/root/usr/bin/c++, CXX_FLAGS= -fabi-version=11 -Wno-deprecated -fvisibility-inlines-hidden -DUSE_PTHREADPOOL -fopenmp -DNDEBUG -DUSE_KINETO -DUSE_FBGEMM -DUSE_QNNPACK -DUSE_PYTORCH_QNNPACK -DUSE_XNNPACK -DSYMBOLICATE_MOBILE_DEBUG_HANDLE -DEDGE_PROFILER_USE_KINETO -O2 -fPIC -Wno-narrowing -Wall -Wextra -Werror=return-type -Wno-missing-field-initializers -Wno-type-limits -Wno-array-bounds -Wno-unknown-pragmas -Wno-unused-parameter -Wno-unused-function -Wno-unused-result -Wno-unused-local-typedefs -Wno-strict-overflow -Wno-strict-aliasing -Wno-error=deprecated-declarations -Wno-stringop-overflow -Wno-psabi -Wno-error=pedantic -Wno-error=redundant-decls -Wno-error=old-style-cast -fdiagnostics-color=always -faligned-new -Wno-unused-but-set-variable -Wno-maybe-uninitialized -fno-math-errno -fno-trapping-math -Werror=format -Werror=cast-function-type -Wno-stringop-overflow, LAPACK_INFO=mkl, PERF_WITH_AVX=1, PERF_WITH_AVX2=1, PERF_WITH_AVX512=1, TORCH_VERSION=1.12.1, USE_CUDA=ON, USE_CUDNN=ON, USE_EXCEPTION_PTR=1, USE_GFLAGS=OFF, USE_GLOG=OFF, USE_MKL=ON, USE_MKLDNN=OFF, USE_MPI=OFF, USE_NCCL=ON, USE_NNPACK=ON, USE_OPENMP=ON, USE_ROCM=OFF, 

TorchVision: 0.13.1+cu113
OpenCV: 4.6.0
MMCV: 1.7.1
MMCV Compiler: GCC 9.3
MMCV CUDA Compiler: 11.3
MMClassification: 0.25.0+3d4f80d
------------------------------------------------------------

2023-02-08 02:51:10,977 - mmcls - INFO - Distributed training: False
2023-02-08 02:51:11,168 - mmcls - INFO - Config:
model = dict(
    type='ImageClassifier',
    backbone=dict(type='MViT', arch='base', drop_path_rate=0.3),
    neck=dict(type='GlobalAveragePooling'),
    head=dict(
        type='LinearClsHead',
        in_channels=768,
        num_classes=10,
        loss=dict(
            type='LabelSmoothLoss', label_smooth_val=0.1, mode='original')),
    init_cfg=[
        dict(type='TruncNormal', layer='Linear', std=0.02, bias=0.0),
        dict(type='Constant', layer='LayerNorm', val=1.0, bias=0.0)
    ],
    train_cfg=dict(augments=[
        dict(type='BatchMixup', alpha=0.8, num_classes=10, prob=0.5),
        dict(type='BatchCutMix', alpha=1.0, num_classes=10, prob=0.5)
    ]))
rand_increasing_policies = [
    dict(type='AutoContrast'),
    dict(type='Equalize'),
    dict(type='Invert'),
    dict(type='Rotate', magnitude_key='angle', magnitude_range=(0, 30)),
    dict(type='Posterize', magnitude_key='bits', magnitude_range=(4, 0)),
    dict(type='Solarize', magnitude_key='thr', magnitude_range=(256, 0)),
    dict(
        type='SolarizeAdd',
        magnitude_key='magnitude',
        magnitude_range=(0, 110)),
    dict(
        type='ColorTransform',
        magnitude_key='magnitude',
        magnitude_range=(0, 0.9)),
    dict(type='Contrast', magnitude_key='magnitude', magnitude_range=(0, 0.9)),
    dict(
        type='Brightness', magnitude_key='magnitude',
        magnitude_range=(0, 0.9)),
    dict(
        type='Sharpness', magnitude_key='magnitude', magnitude_range=(0, 0.9)),
    dict(
        type='Shear',
        magnitude_key='magnitude',
        magnitude_range=(0, 0.3),
        direction='horizontal'),
    dict(
        type='Shear',
        magnitude_key='magnitude',
        magnitude_range=(0, 0.3),
        direction='vertical'),
    dict(
        type='Translate',
        magnitude_key='magnitude',
        magnitude_range=(0, 0.45),
        direction='horizontal'),
    dict(
        type='Translate',
        magnitude_key='magnitude',
        magnitude_range=(0, 0.45),
        direction='vertical')
]
dataset_type = 'CIFAR10'
img_norm_cfg = dict(
    mean=[123.675, 116.28, 103.53], std=[58.395, 57.12, 57.375], to_rgb=True)
train_pipeline = [
    dict(
        type='RandomResizedCrop',
        size=32,
        backend='pillow',
        interpolation='bicubic'),
    dict(type='RandomFlip', flip_prob=0.5, direction='horizontal'),
    dict(
        type='RandAugment',
        policies=[
            dict(type='AutoContrast'),
            dict(type='Equalize'),
            dict(type='Invert'),
            dict(
                type='Rotate', magnitude_key='angle', magnitude_range=(0, 30)),
            dict(
                type='Posterize', magnitude_key='bits',
                magnitude_range=(4, 0)),
            dict(
                type='Solarize', magnitude_key='thr',
                magnitude_range=(256, 0)),
            dict(
                type='SolarizeAdd',
                magnitude_key='magnitude',
                magnitude_range=(0, 110)),
            dict(
                type='ColorTransform',
                magnitude_key='magnitude',
                magnitude_range=(0, 0.9)),
            dict(
                type='Contrast',
                magnitude_key='magnitude',
                magnitude_range=(0, 0.9)),
            dict(
                type='Brightness',
                magnitude_key='magnitude',
                magnitude_range=(0, 0.9)),
            dict(
                type='Sharpness',
                magnitude_key='magnitude',
                magnitude_range=(0, 0.9)),
            dict(
                type='Shear',
                magnitude_key='magnitude',
                magnitude_range=(0, 0.3),
                direction='horizontal'),
            dict(
                type='Shear',
                magnitude_key='magnitude',
                magnitude_range=(0, 0.3),
                direction='vertical'),
            dict(
                type='Translate',
                magnitude_key='magnitude',
                magnitude_range=(0, 0.45),
                direction='horizontal'),
            dict(
                type='Translate',
                magnitude_key='magnitude',
                magnitude_range=(0, 0.45),
                direction='vertical')
        ],
        num_policies=2,
        total_level=10,
        magnitude_level=9,
        magnitude_std=0.5,
        hparams=dict(pad_val=[104, 116, 124], interpolation='bicubic')),
    dict(
        type='RandomErasing',
        erase_prob=0.25,
        mode='rand',
        min_area_ratio=0.02,
        max_area_ratio=0.3333333333333333,
        fill_color=[103.53, 116.28, 123.675],
        fill_std=[57.375, 57.12, 58.395]),
    dict(
        type='Normalize',
        mean=[123.675, 116.28, 103.53],
        std=[58.395, 57.12, 57.375],
        to_rgb=True),
    dict(type='ImageToTensor', keys=['img']),
    dict(type='ToTensor', keys=['gt_label']),
    dict(type='Collect', keys=['img', 'gt_label'])
]
test_pipeline = [
    dict(
        type='Resize',
        size=(32, -1),
        backend='pillow',
        interpolation='bicubic'),
    dict(type='CenterCrop', crop_size=224),
    dict(
        type='Normalize',
        mean=[123.675, 116.28, 103.53],
        std=[58.395, 57.12, 57.375],
        to_rgb=True),
    dict(type='ImageToTensor', keys=['img']),
    dict(type='Collect', keys=['img'])
]
data = dict(
    samples_per_gpu=256,
    workers_per_gpu=4,
    train=dict(
        type='CIFAR10',
        data_prefix='/mnt/sda/zxh_datasets/datasets',
        pipeline=[
            dict(
                type='RandomResizedCrop',
                size=32,
                backend='pillow',
                interpolation='bicubic'),
            dict(type='RandomFlip', flip_prob=0.5, direction='horizontal'),
            dict(
                type='RandAugment',
                policies=[
                    dict(type='AutoContrast'),
                    dict(type='Equalize'),
                    dict(type='Invert'),
                    dict(
                        type='Rotate',
                        magnitude_key='angle',
                        magnitude_range=(0, 30)),
                    dict(
                        type='Posterize',
                        magnitude_key='bits',
                        magnitude_range=(4, 0)),
                    dict(
                        type='Solarize',
                        magnitude_key='thr',
                        magnitude_range=(256, 0)),
                    dict(
                        type='SolarizeAdd',
                        magnitude_key='magnitude',
                        magnitude_range=(0, 110)),
                    dict(
                        type='ColorTransform',
                        magnitude_key='magnitude',
                        magnitude_range=(0, 0.9)),
                    dict(
                        type='Contrast',
                        magnitude_key='magnitude',
                        magnitude_range=(0, 0.9)),
                    dict(
                        type='Brightness',
                        magnitude_key='magnitude',
                        magnitude_range=(0, 0.9)),
                    dict(
                        type='Sharpness',
                        magnitude_key='magnitude',
                        magnitude_range=(0, 0.9)),
                    dict(
                        type='Shear',
                        magnitude_key='magnitude',
                        magnitude_range=(0, 0.3),
                        direction='horizontal'),
                    dict(
                        type='Shear',
                        magnitude_key='magnitude',
                        magnitude_range=(0, 0.3),
                        direction='vertical'),
                    dict(
                        type='Translate',
                        magnitude_key='magnitude',
                        magnitude_range=(0, 0.45),
                        direction='horizontal'),
                    dict(
                        type='Translate',
                        magnitude_key='magnitude',
                        magnitude_range=(0, 0.45),
                        direction='vertical')
                ],
                num_policies=2,
                total_level=10,
                magnitude_level=9,
                magnitude_std=0.5,
                hparams=dict(pad_val=[104, 116, 124],
                             interpolation='bicubic')),
            dict(
                type='RandomErasing',
                erase_prob=0.25,
                mode='rand',
                min_area_ratio=0.02,
                max_area_ratio=0.3333333333333333,
                fill_color=[103.53, 116.28, 123.675],
                fill_std=[57.375, 57.12, 58.395]),
            dict(
                type='Normalize',
                mean=[123.675, 116.28, 103.53],
                std=[58.395, 57.12, 57.375],
                to_rgb=True),
            dict(type='ImageToTensor', keys=['img']),
            dict(type='ToTensor', keys=['gt_label']),
            dict(type='Collect', keys=['img', 'gt_label'])
        ]),
    val=dict(
        type='CIFAR10',
        data_prefix='/mnt/sda/zxh_datasets/datasets',
        ann_file='data/imagenet/meta/val.txt',
        pipeline=[
            dict(
                type='Resize',
                size=(32, -1),
                backend='pillow',
                interpolation='bicubic'),
            dict(type='CenterCrop', crop_size=224),
            dict(
                type='Normalize',
                mean=[123.675, 116.28, 103.53],
                std=[58.395, 57.12, 57.375],
                to_rgb=True),
            dict(type='ImageToTensor', keys=['img']),
            dict(type='Collect', keys=['img'])
        ],
        test_mode=True),
    test=dict(
        type='CIFAR10',
        data_prefix='/mnt/sda/zxh_datasets/datasets',
        ann_file='data/imagenet/meta/val.txt',
        pipeline=[
            dict(
                type='Resize',
                size=(32, -1),
                backend='pillow',
                interpolation='bicubic'),
            dict(type='CenterCrop', crop_size=224),
            dict(
                type='Normalize',
                mean=[123.675, 116.28, 103.53],
                std=[58.395, 57.12, 57.375],
                to_rgb=True),
            dict(type='ImageToTensor', keys=['img']),
            dict(type='Collect', keys=['img'])
        ],
        test_mode=True))
evaluation = dict(interval=1, metric='accuracy')
paramwise_cfg = dict(
    norm_decay_mult=0.0,
    bias_decay_mult=0.0,
    custom_keys=dict({
        '.absolute_pos_embed': dict(decay_mult=0.0),
        '.relative_position_bias_table': dict(decay_mult=0.0),
        '.pos_embed': dict(decay_mult=0.0),
        '.rel_pos_h': dict(decay_mult=0.0),
        '.rel_pos_w': dict(decay_mult=0.0)
    }))
optimizer = dict(
    type='AdamW',
    lr=0.00025,
    weight_decay=0.05,
    eps=1e-08,
    betas=(0.9, 0.999),
    paramwise_cfg=dict(
        norm_decay_mult=0.0,
        bias_decay_mult=0.0,
        custom_keys=dict({
            '.absolute_pos_embed': dict(decay_mult=0.0),
            '.relative_position_bias_table': dict(decay_mult=0.0),
            '.pos_embed': dict(decay_mult=0.0),
            '.rel_pos_h': dict(decay_mult=0.0),
            '.rel_pos_w': dict(decay_mult=0.0)
        })))
optimizer_config = dict(grad_clip=dict(max_norm=1.0))
lr_config = None
runner = dict(type='EpochBasedRunner', max_epochs=50)
checkpoint_config = dict(interval=5)
log_config = dict(interval=50, hooks=[dict(type='TextLoggerHook')])
dist_params = dict(backend='nccl')
log_level = 'INFO'
load_from = 'checkpoints/mvitv2-base_3rdparty_in1k_20220722-9c4f0a17.pth'
resume_from = None
workflow = [('train', 1)]
work_dir = 'work_dirs/cifar10'
gpu_ids = [0]

2023-02-08 02:51:11,168 - mmcls - INFO - Set random seed to 1742806109, deterministic: False
2023-02-08 02:51:13,413 - mmcls - INFO - load checkpoint from local path: checkpoints/mvitv2-base_3rdparty_in1k_20220722-9c4f0a17.pth
2023-02-08 02:51:13,671 - mmcls - WARNING - The model and loaded state dict do not match exactly

size mismatch for head.fc.weight: copying a param with shape torch.Size([1000, 768]) from checkpoint, the shape in current model is torch.Size([10, 768]).
size mismatch for head.fc.bias: copying a param with shape torch.Size([1000]) from checkpoint, the shape in current model is torch.Size([10]).
2023-02-08 02:51:13,674 - mmcls - INFO - Start running, host: zxh@ubuntu, work_dir: /home/zxh/project/mmclassification/work_dirs/cifar10
2023-02-08 02:51:13,674 - mmcls - INFO - Hooks will be executed in the following order:
before_run:
(NORMAL      ) CheckpointHook                     
(LOW         ) EvalHook                           
(VERY_LOW    ) TextLoggerHook                     
 -------------------- 
before_train_epoch:
(LOW         ) IterTimerHook                      
(LOW         ) EvalHook                           
(VERY_LOW    ) TextLoggerHook                     
 -------------------- 
before_train_iter:
(LOW         ) IterTimerHook                      
(LOW         ) EvalHook                           
 -------------------- 
after_train_iter:
(ABOVE_NORMAL) OptimizerHook                      
(NORMAL      ) CheckpointHook                     
(LOW         ) IterTimerHook                      
(LOW         ) EvalHook                           
(VERY_LOW    ) TextLoggerHook                     
 -------------------- 
after_train_epoch:
(NORMAL      ) CheckpointHook                     
(LOW         ) EvalHook                           
(VERY_LOW    ) TextLoggerHook                     
 -------------------- 
before_val_epoch:
(LOW         ) IterTimerHook                      
(VERY_LOW    ) TextLoggerHook                     
 -------------------- 
before_val_iter:
(LOW         ) IterTimerHook                      
 -------------------- 
after_val_iter:
(LOW         ) IterTimerHook                      
 -------------------- 
after_val_epoch:
(VERY_LOW    ) TextLoggerHook                     
 -------------------- 
after_run:
(VERY_LOW    ) TextLoggerHook                     
 -------------------- 
2023-02-08 02:51:13,674 - mmcls - INFO - workflow: [('train', 1)], max: 50 epochs
2023-02-08 02:51:13,674 - mmcls - INFO - Checkpoints will be saved to /home/zxh/project/mmclassification/work_dirs/cifar10 by HardDiskBackend.
2023-02-08 02:51:24,325 - mmcls - INFO - Epoch [1][50/196]	lr: 2.500e-04, eta: 0:34:36, time: 0.213, data_time: 0.044, memory: 2022, loss: 2.2351, grad_norm: 2.0032
2023-02-08 02:51:30,344 - mmcls - INFO - Epoch [1][100/196]	lr: 2.500e-04, eta: 0:26:56, time: 0.120, data_time: 0.000, memory: 2022, loss: 2.0704, grad_norm: 1.8489
2023-02-08 02:51:36,649 - mmcls - INFO - Epoch [1][150/196]	lr: 2.500e-04, eta: 0:24:37, time: 0.126, data_time: 0.000, memory: 2022, loss: 2.0033, grad_norm: 1.9121
2023-02-08 02:51:50,722 - mmcls - INFO - Epoch(val) [1][40]	accuracy_top-1: 71.4100, accuracy_top-5: 97.9400
2023-02-08 02:51:58,926 - mmcls - INFO - Epoch [2][50/196]	lr: 2.500e-04, eta: 0:20:10, time: 0.164, data_time: 0.042, memory: 2022, loss: 1.8840, grad_norm: 1.8124
2023-02-08 02:52:05,283 - mmcls - INFO - Epoch [2][100/196]	lr: 2.500e-04, eta: 0:20:04, time: 0.127, data_time: 0.000, memory: 2022, loss: 1.8353, grad_norm: 1.9499
2023-02-08 02:52:11,545 - mmcls - INFO - Epoch [2][150/196]	lr: 2.500e-04, eta: 0:19:56, time: 0.125, data_time: 0.000, memory: 2022, loss: 1.8026, grad_norm: 1.9006
2023-02-08 02:52:25,432 - mmcls - INFO - Epoch(val) [2][40]	accuracy_top-1: 76.5600, accuracy_top-5: 98.5100
2023-02-08 02:52:33,718 - mmcls - INFO - Epoch [3][50/196]	lr: 2.500e-04, eta: 0:18:22, time: 0.166, data_time: 0.042, memory: 2022, loss: 1.8072, grad_norm: 1.9668
2023-02-08 02:52:40,031 - mmcls - INFO - Epoch [3][100/196]	lr: 2.500e-04, eta: 0:18:24, time: 0.126, data_time: 0.000, memory: 2022, loss: 1.7771, grad_norm: 1.9266
2023-02-08 02:52:46,099 - mmcls - INFO - Epoch [3][150/196]	lr: 2.500e-04, eta: 0:18:20, time: 0.121, data_time: 0.000, memory: 2022, loss: 1.7751, grad_norm: 1.9273
2023-02-08 02:53:00,098 - mmcls - INFO - Epoch(val) [3][40]	accuracy_top-1: 80.6700, accuracy_top-5: 98.8500
2023-02-08 02:53:08,396 - mmcls - INFO - Epoch [4][50/196]	lr: 2.500e-04, eta: 0:17:24, time: 0.166, data_time: 0.042, memory: 2022, loss: 1.7560, grad_norm: 1.9456
2023-02-08 02:53:14,395 - mmcls - INFO - Epoch [4][100/196]	lr: 2.500e-04, eta: 0:17:22, time: 0.120, data_time: 0.000, memory: 2022, loss: 1.7841, grad_norm: 1.8613
2023-02-08 02:53:20,708 - mmcls - INFO - Epoch [4][150/196]	lr: 2.500e-04, eta: 0:17:24, time: 0.126, data_time: 0.000, memory: 2022, loss: 1.7828, grad_norm: 1.9359
2023-02-08 02:53:34,467 - mmcls - INFO - Epoch(val) [4][40]	accuracy_top-1: 82.2100, accuracy_top-5: 99.1100
2023-02-08 02:53:42,782 - mmcls - INFO - Epoch [5][50/196]	lr: 2.500e-04, eta: 0:16:43, time: 0.166, data_time: 0.042, memory: 2022, loss: 1.7625, grad_norm: 1.9240
2023-02-08 02:53:49,029 - mmcls - INFO - Epoch [5][100/196]	lr: 2.500e-04, eta: 0:16:44, time: 0.125, data_time: 0.000, memory: 2022, loss: 1.7735, grad_norm: 1.7630
2023-02-08 02:53:55,152 - mmcls - INFO - Epoch [5][150/196]	lr: 2.500e-04, eta: 0:16:43, time: 0.122, data_time: 0.000, memory: 2022, loss: 1.6857, grad_norm: 1.9660
2023-02-08 02:54:00,761 - mmcls - INFO - Saving checkpoint at 5 epochs
2023-02-08 02:54:09,845 - mmcls - INFO - Epoch(val) [5][40]	accuracy_top-1: 83.1800, accuracy_top-5: 99.1700
2023-02-08 02:54:18,174 - mmcls - INFO - Epoch [6][50/196]	lr: 2.500e-04, eta: 0:16:11, time: 0.167, data_time: 0.042, memory: 2022, loss: 1.7002, grad_norm: 1.9833
2023-02-08 02:54:24,491 - mmcls - INFO - Epoch [6][100/196]	lr: 2.500e-04, eta: 0:16:11, time: 0.126, data_time: 0.000, memory: 2022, loss: 1.7850, grad_norm: 1.7476
2023-02-08 02:54:30,536 - mmcls - INFO - Epoch [6][150/196]	lr: 2.500e-04, eta: 0:16:10, time: 0.121, data_time: 0.000, memory: 2022, loss: 1.6692, grad_norm: 1.9321
2023-02-08 02:54:44,775 - mmcls - INFO - Epoch(val) [6][40]	accuracy_top-1: 84.2500, accuracy_top-5: 99.3200
2023-02-08 02:54:53,172 - mmcls - INFO - Epoch [7][50/196]	lr: 2.500e-04, eta: 0:15:42, time: 0.168, data_time: 0.042, memory: 2022, loss: 1.6882, grad_norm: 1.8939
2023-02-08 02:54:59,513 - mmcls - INFO - Epoch [7][100/196]	lr: 2.500e-04, eta: 0:15:43, time: 0.127, data_time: 0.000, memory: 2022, loss: 1.7627, grad_norm: 1.8240
2023-02-08 02:55:05,568 - mmcls - INFO - Epoch [7][150/196]	lr: 2.500e-04, eta: 0:15:40, time: 0.121, data_time: 0.000, memory: 2022, loss: 1.7173, grad_norm: 1.8511
2023-02-08 02:55:19,570 - mmcls - INFO - Epoch(val) [7][40]	accuracy_top-1: 84.5400, accuracy_top-5: 99.0700
2023-02-08 02:55:27,816 - mmcls - INFO - Epoch [8][50/196]	lr: 2.500e-04, eta: 0:15:15, time: 0.165, data_time: 0.042, memory: 2022, loss: 1.6672, grad_norm: 1.9345
2023-02-08 02:55:34,054 - mmcls - INFO - Epoch [8][100/196]	lr: 2.500e-04, eta: 0:15:14, time: 0.125, data_time: 0.000, memory: 2022, loss: 1.7336, grad_norm: 1.8259
2023-02-08 02:55:40,178 - mmcls - INFO - Epoch [8][150/196]	lr: 2.500e-04, eta: 0:15:12, time: 0.122, data_time: 0.000, memory: 2022, loss: 1.6526, grad_norm: 1.9272
2023-02-08 02:55:53,825 - mmcls - INFO - Epoch(val) [8][40]	accuracy_top-1: 85.1700, accuracy_top-5: 99.4700
2023-02-08 02:56:02,067 - mmcls - INFO - Epoch [9][50/196]	lr: 2.500e-04, eta: 0:14:50, time: 0.165, data_time: 0.042, memory: 2022, loss: 1.6443, grad_norm: 2.0262
2023-02-08 02:56:08,310 - mmcls - INFO - Epoch [9][100/196]	lr: 2.500e-04, eta: 0:14:48, time: 0.125, data_time: 0.000, memory: 2022, loss: 1.7126, grad_norm: 1.9320
2023-02-08 02:56:14,416 - mmcls - INFO - Epoch [9][150/196]	lr: 2.500e-04, eta: 0:14:46, time: 0.122, data_time: 0.000, memory: 2022, loss: 1.7536, grad_norm: 1.7327
2023-02-08 02:56:28,061 - mmcls - INFO - Epoch(val) [9][40]	accuracy_top-1: 86.0200, accuracy_top-5: 99.4400
2023-02-08 02:56:36,264 - mmcls - INFO - Epoch [10][50/196]	lr: 2.500e-04, eta: 0:14:25, time: 0.164, data_time: 0.042, memory: 2022, loss: 1.6826, grad_norm: 1.8316
2023-02-08 02:56:42,505 - mmcls - INFO - Epoch [10][100/196]	lr: 2.500e-04, eta: 0:14:23, time: 0.125, data_time: 0.000, memory: 2022, loss: 1.6442, grad_norm: 2.0370
2023-02-08 02:56:48,599 - mmcls - INFO - Epoch [10][150/196]	lr: 2.500e-04, eta: 0:14:20, time: 0.122, data_time: 0.001, memory: 2022, loss: 1.6796, grad_norm: 1.8706
2023-02-08 02:56:54,203 - mmcls - INFO - Saving checkpoint at 10 epochs
2023-02-08 02:57:03,255 - mmcls - INFO - Epoch(val) [10][40]	accuracy_top-1: 87.3400, accuracy_top-5: 99.4100
2023-02-08 02:57:11,571 - mmcls - INFO - Epoch [11][50/196]	lr: 2.500e-04, eta: 0:14:02, time: 0.166, data_time: 0.042, memory: 2022, loss: 1.6617, grad_norm: 1.9005
2023-02-08 02:57:17,875 - mmcls - INFO - Epoch [11][100/196]	lr: 2.500e-04, eta: 0:13:59, time: 0.126, data_time: 0.000, memory: 2022, loss: 1.7015, grad_norm: 1.9061
2023-02-08 02:57:23,912 - mmcls - INFO - Epoch [11][150/196]	lr: 2.500e-04, eta: 0:13:56, time: 0.121, data_time: 0.000, memory: 2022, loss: 1.6185, grad_norm: 1.9261
2023-02-08 02:57:37,756 - mmcls - INFO - Epoch(val) [11][40]	accuracy_top-1: 86.3100, accuracy_top-5: 99.4000
2023-02-08 02:57:45,947 - mmcls - INFO - Epoch [12][50/196]	lr: 2.500e-04, eta: 0:13:38, time: 0.164, data_time: 0.042, memory: 2022, loss: 1.7682, grad_norm: 1.7760
2023-02-08 02:57:52,284 - mmcls - INFO - Epoch [12][100/196]	lr: 2.500e-04, eta: 0:13:36, time: 0.127, data_time: 0.000, memory: 2022, loss: 1.6737, grad_norm: 1.9160
2023-02-08 02:57:58,613 - mmcls - INFO - Epoch [12][150/196]	lr: 2.500e-04, eta: 0:13:33, time: 0.127, data_time: 0.000, memory: 2022, loss: 1.6421, grad_norm: 1.8288
2023-02-08 02:58:12,436 - mmcls - INFO - Epoch(val) [12][40]	accuracy_top-1: 87.6200, accuracy_top-5: 99.5000
2023-02-08 02:58:20,717 - mmcls - INFO - Epoch [13][50/196]	lr: 2.500e-04, eta: 0:13:16, time: 0.166, data_time: 0.042, memory: 2022, loss: 1.7057, grad_norm: 1.7354
2023-02-08 02:58:27,054 - mmcls - INFO - Epoch [13][100/196]	lr: 2.500e-04, eta: 0:13:14, time: 0.127, data_time: 0.000, memory: 2022, loss: 1.7357, grad_norm: 1.7065
2023-02-08 02:58:33,113 - mmcls - INFO - Epoch [13][150/196]	lr: 2.500e-04, eta: 0:13:10, time: 0.121, data_time: 0.000, memory: 2022, loss: 1.6885, grad_norm: 1.7870
2023-02-08 02:58:47,074 - mmcls - INFO - Epoch(val) [13][40]	accuracy_top-1: 87.7700, accuracy_top-5: 99.4500
2023-02-08 02:58:55,270 - mmcls - INFO - Epoch [14][50/196]	lr: 2.500e-04, eta: 0:12:54, time: 0.164, data_time: 0.042, memory: 2022, loss: 1.6566, grad_norm: 1.8598
2023-02-08 02:59:01,509 - mmcls - INFO - Epoch [14][100/196]	lr: 2.500e-04, eta: 0:12:51, time: 0.125, data_time: 0.000, memory: 2022, loss: 1.7252, grad_norm: 1.7974
2023-02-08 02:59:07,623 - mmcls - INFO - Epoch [14][150/196]	lr: 2.500e-04, eta: 0:12:47, time: 0.122, data_time: 0.000, memory: 2022, loss: 1.6603, grad_norm: 1.8087
2023-02-08 02:59:21,426 - mmcls - INFO - Epoch(val) [14][40]	accuracy_top-1: 87.7400, accuracy_top-5: 99.5000
2023-02-08 02:59:29,867 - mmcls - INFO - Epoch [15][50/196]	lr: 2.500e-04, eta: 0:12:32, time: 0.169, data_time: 0.042, memory: 2022, loss: 1.5802, grad_norm: 1.9898
2023-02-08 02:59:35,971 - mmcls - INFO - Epoch [15][100/196]	lr: 2.500e-04, eta: 0:12:28, time: 0.122, data_time: 0.001, memory: 2022, loss: 1.6785, grad_norm: 1.8279
2023-02-08 02:59:42,205 - mmcls - INFO - Epoch [15][150/196]	lr: 2.500e-04, eta: 0:12:25, time: 0.125, data_time: 0.000, memory: 2022, loss: 1.6644, grad_norm: 1.7745
2023-02-08 02:59:47,845 - mmcls - INFO - Saving checkpoint at 15 epochs
2023-02-08 02:59:56,701 - mmcls - INFO - Epoch(val) [15][40]	accuracy_top-1: 88.3100, accuracy_top-5: 99.5500
2023-02-08 03:00:04,847 - mmcls - INFO - Epoch [16][50/196]	lr: 2.500e-04, eta: 0:12:10, time: 0.163, data_time: 0.042, memory: 2022, loss: 1.6838, grad_norm: 1.8786
2023-02-08 03:00:11,179 - mmcls - INFO - Epoch [16][100/196]	lr: 2.500e-04, eta: 0:12:06, time: 0.127, data_time: 0.000, memory: 2022, loss: 1.6422, grad_norm: 1.9140
2023-02-08 03:00:17,457 - mmcls - INFO - Epoch [16][150/196]	lr: 2.500e-04, eta: 0:12:03, time: 0.126, data_time: 0.000, memory: 2022, loss: 1.6708, grad_norm: 1.8232
2023-02-08 03:00:31,359 - mmcls - INFO - Epoch(val) [16][40]	accuracy_top-1: 87.5300, accuracy_top-5: 99.4200
2023-02-08 03:00:39,572 - mmcls - INFO - Epoch [17][50/196]	lr: 2.500e-04, eta: 0:11:48, time: 0.164, data_time: 0.042, memory: 2022, loss: 1.6929, grad_norm: 1.7862
2023-02-08 03:00:45,942 - mmcls - INFO - Epoch [17][100/196]	lr: 2.500e-04, eta: 0:11:45, time: 0.127, data_time: 0.000, memory: 2022, loss: 1.5753, grad_norm: 1.9096
2023-02-08 03:00:51,965 - mmcls - INFO - Epoch [17][150/196]	lr: 2.500e-04, eta: 0:11:41, time: 0.120, data_time: 0.000, memory: 2022, loss: 1.6851, grad_norm: 1.8571
2023-02-08 03:01:05,992 - mmcls - INFO - Epoch(val) [17][40]	accuracy_top-1: 87.8800, accuracy_top-5: 99.3700
2023-02-08 03:01:14,229 - mmcls - INFO - Epoch [18][50/196]	lr: 2.500e-04, eta: 0:11:27, time: 0.165, data_time: 0.042, memory: 2022, loss: 1.6480, grad_norm: 1.7707
2023-02-08 03:01:20,259 - mmcls - INFO - Epoch [18][100/196]	lr: 2.500e-04, eta: 0:11:22, time: 0.121, data_time: 0.000, memory: 2022, loss: 1.6439, grad_norm: 1.8519
2023-02-08 03:01:26,610 - mmcls - INFO - Epoch [18][150/196]	lr: 2.500e-04, eta: 0:11:19, time: 0.127, data_time: 0.000, memory: 2022, loss: 1.6424, grad_norm: 1.8089
2023-02-08 03:01:40,303 - mmcls - INFO - Epoch(val) [18][40]	accuracy_top-1: 88.0000, accuracy_top-5: 99.3800
2023-02-08 03:01:48,531 - mmcls - INFO - Epoch [19][50/196]	lr: 2.500e-04, eta: 0:11:05, time: 0.165, data_time: 0.042, memory: 2022, loss: 1.6564, grad_norm: 1.8369
2023-02-08 03:01:54,547 - mmcls - INFO - Epoch [19][100/196]	lr: 2.500e-04, eta: 0:11:01, time: 0.120, data_time: 0.000, memory: 2022, loss: 1.6430, grad_norm: 1.9443
2023-02-08 03:02:00,849 - mmcls - INFO - Epoch [19][150/196]	lr: 2.500e-04, eta: 0:10:57, time: 0.126, data_time: 0.000, memory: 2022, loss: 1.6692, grad_norm: 1.8138
2023-02-08 03:02:14,530 - mmcls - INFO - Epoch(val) [19][40]	accuracy_top-1: 88.2500, accuracy_top-5: 99.4700
2023-02-08 03:02:22,823 - mmcls - INFO - Epoch [20][50/196]	lr: 2.500e-04, eta: 0:10:43, time: 0.166, data_time: 0.042, memory: 2022, loss: 1.7338, grad_norm: 1.7225
2023-02-08 03:02:29,144 - mmcls - INFO - Epoch [20][100/196]	lr: 2.500e-04, eta: 0:10:40, time: 0.126, data_time: 0.000, memory: 2022, loss: 1.6605, grad_norm: 1.8485
2023-02-08 03:02:35,191 - mmcls - INFO - Epoch [20][150/196]	lr: 2.500e-04, eta: 0:10:35, time: 0.121, data_time: 0.000, memory: 2022, loss: 1.6333, grad_norm: 1.7951
2023-02-08 03:02:40,786 - mmcls - INFO - Saving checkpoint at 20 epochs
2023-02-08 03:02:49,605 - mmcls - INFO - Epoch(val) [20][40]	accuracy_top-1: 88.9800, accuracy_top-5: 99.6500
2023-02-08 03:02:57,821 - mmcls - INFO - Epoch [21][50/196]	lr: 2.500e-04, eta: 0:10:22, time: 0.164, data_time: 0.042, memory: 2022, loss: 1.6692, grad_norm: 1.8230
2023-02-08 03:03:04,145 - mmcls - INFO - Epoch [21][100/196]	lr: 2.500e-04, eta: 0:10:18, time: 0.126, data_time: 0.000, memory: 2022, loss: 1.6097, grad_norm: 1.8547
2023-02-08 03:03:10,176 - mmcls - INFO - Epoch [21][150/196]	lr: 2.500e-04, eta: 0:10:14, time: 0.121, data_time: 0.001, memory: 2022, loss: 1.6974, grad_norm: 1.7620
2023-02-08 03:03:23,680 - mmcls - INFO - Epoch(val) [21][40]	accuracy_top-1: 88.7400, accuracy_top-5: 99.4800
2023-02-08 03:03:31,913 - mmcls - INFO - Epoch [22][50/196]	lr: 2.500e-04, eta: 0:10:01, time: 0.165, data_time: 0.042, memory: 2022, loss: 1.6362, grad_norm: 1.8640
2023-02-08 03:03:38,257 - mmcls - INFO - Epoch [22][100/196]	lr: 2.500e-04, eta: 0:09:57, time: 0.127, data_time: 0.000, memory: 2022, loss: 1.6665, grad_norm: 1.8303
2023-02-08 03:03:44,336 - mmcls - INFO - Epoch [22][150/196]	lr: 2.500e-04, eta: 0:09:52, time: 0.121, data_time: 0.000, memory: 2022, loss: 1.6482, grad_norm: 1.8582
2023-02-08 03:03:58,043 - mmcls - INFO - Epoch(val) [22][40]	accuracy_top-1: 88.6800, accuracy_top-5: 99.6300
2023-02-08 03:04:06,190 - mmcls - INFO - Epoch [23][50/196]	lr: 2.500e-04, eta: 0:09:39, time: 0.163, data_time: 0.042, memory: 2022, loss: 1.6452, grad_norm: 1.8267
2023-02-08 03:04:12,285 - mmcls - INFO - Epoch [23][100/196]	lr: 2.500e-04, eta: 0:09:35, time: 0.122, data_time: 0.000, memory: 2022, loss: 1.6435, grad_norm: 1.9232
2023-02-08 03:04:18,555 - mmcls - INFO - Epoch [23][150/196]	lr: 2.500e-04, eta: 0:09:31, time: 0.126, data_time: 0.001, memory: 2022, loss: 1.6463, grad_norm: 1.9279
2023-02-08 03:04:32,474 - mmcls - INFO - Epoch(val) [23][40]	accuracy_top-1: 88.9900, accuracy_top-5: 99.5700
2023-02-08 03:04:40,665 - mmcls - INFO - Epoch [24][50/196]	lr: 2.500e-04, eta: 0:09:18, time: 0.164, data_time: 0.042, memory: 2022, loss: 1.6595, grad_norm: 1.8213
2023-02-08 03:04:46,891 - mmcls - INFO - Epoch [24][100/196]	lr: 2.500e-04, eta: 0:09:14, time: 0.125, data_time: 0.000, memory: 2022, loss: 1.6527, grad_norm: 1.7247
2023-02-08 03:04:52,985 - mmcls - INFO - Epoch [24][150/196]	lr: 2.500e-04, eta: 0:09:09, time: 0.122, data_time: 0.000, memory: 2022, loss: 1.6964, grad_norm: 1.7411
2023-02-08 03:05:06,771 - mmcls - INFO - Epoch(val) [24][40]	accuracy_top-1: 88.8300, accuracy_top-5: 99.5900
2023-02-08 03:05:14,991 - mmcls - INFO - Epoch [25][50/196]	lr: 2.500e-04, eta: 0:08:57, time: 0.164, data_time: 0.042, memory: 2022, loss: 1.6449, grad_norm: 1.8498
2023-02-08 03:05:21,297 - mmcls - INFO - Epoch [25][100/196]	lr: 2.500e-04, eta: 0:08:52, time: 0.126, data_time: 0.000, memory: 2022, loss: 1.6466, grad_norm: 1.8063
2023-02-08 03:05:27,311 - mmcls - INFO - Epoch [25][150/196]	lr: 2.500e-04, eta: 0:08:48, time: 0.120, data_time: 0.000, memory: 2022, loss: 1.6321, grad_norm: 1.8864
2023-02-08 03:05:32,902 - mmcls - INFO - Saving checkpoint at 25 epochs
2023-02-08 03:05:41,637 - mmcls - INFO - Epoch(val) [25][40]	accuracy_top-1: 89.7400, accuracy_top-5: 99.5700
2023-02-08 03:05:49,856 - mmcls - INFO - Epoch [26][50/196]	lr: 2.500e-04, eta: 0:08:35, time: 0.164, data_time: 0.042, memory: 2022, loss: 1.6196, grad_norm: 1.7775
2023-02-08 03:05:56,165 - mmcls - INFO - Epoch [26][100/196]	lr: 2.500e-04, eta: 0:08:31, time: 0.126, data_time: 0.000, memory: 2022, loss: 1.6193, grad_norm: 1.8086
2023-02-08 03:06:02,228 - mmcls - INFO - Epoch [26][150/196]	lr: 2.500e-04, eta: 0:08:26, time: 0.121, data_time: 0.001, memory: 2022, loss: 1.5568, grad_norm: 2.0196
2023-02-08 03:06:16,182 - mmcls - INFO - Epoch(val) [26][40]	accuracy_top-1: 89.2000, accuracy_top-5: 99.5800
2023-02-08 03:06:24,506 - mmcls - INFO - Epoch [27][50/196]	lr: 2.500e-04, eta: 0:08:14, time: 0.166, data_time: 0.042, memory: 2022, loss: 1.6156, grad_norm: 1.7963
2023-02-08 03:06:30,887 - mmcls - INFO - Epoch [27][100/196]	lr: 2.500e-04, eta: 0:08:10, time: 0.128, data_time: 0.000, memory: 2022, loss: 1.6280, grad_norm: 1.8278
2023-02-08 03:06:36,916 - mmcls - INFO - Epoch [27][150/196]	lr: 2.500e-04, eta: 0:08:05, time: 0.121, data_time: 0.000, memory: 2022, loss: 1.5912, grad_norm: 1.8771
2023-02-08 03:06:50,745 - mmcls - INFO - Epoch(val) [27][40]	accuracy_top-1: 89.2300, accuracy_top-5: 99.3900
2023-02-08 03:06:59,004 - mmcls - INFO - Epoch [28][50/196]	lr: 2.500e-04, eta: 0:07:53, time: 0.165, data_time: 0.042, memory: 2022, loss: 1.6226, grad_norm: 1.8482
2023-02-08 03:07:05,244 - mmcls - INFO - Epoch [28][100/196]	lr: 2.500e-04, eta: 0:07:49, time: 0.125, data_time: 0.000, memory: 2022, loss: 1.5905, grad_norm: 1.8306
2023-02-08 03:07:11,344 - mmcls - INFO - Epoch [28][150/196]	lr: 2.500e-04, eta: 0:07:44, time: 0.122, data_time: 0.000, memory: 2022, loss: 1.6253, grad_norm: 1.8083
2023-02-08 03:07:24,980 - mmcls - INFO - Epoch(val) [28][40]	accuracy_top-1: 89.4100, accuracy_top-5: 99.6800
2023-02-08 03:07:33,219 - mmcls - INFO - Epoch [29][50/196]	lr: 2.500e-04, eta: 0:07:32, time: 0.165, data_time: 0.042, memory: 2022, loss: 1.6734, grad_norm: 1.7257
2023-02-08 03:07:39,344 - mmcls - INFO - Epoch [29][100/196]	lr: 2.500e-04, eta: 0:07:28, time: 0.122, data_time: 0.000, memory: 2022, loss: 1.6370, grad_norm: 1.8287
2023-02-08 03:07:45,580 - mmcls - INFO - Epoch [29][150/196]	lr: 2.500e-04, eta: 0:07:23, time: 0.125, data_time: 0.001, memory: 2022, loss: 1.5636, grad_norm: 1.9998
2023-02-08 03:07:59,235 - mmcls - INFO - Epoch(val) [29][40]	accuracy_top-1: 89.6100, accuracy_top-5: 99.6900
2023-02-08 03:08:07,521 - mmcls - INFO - Epoch [30][50/196]	lr: 2.500e-04, eta: 0:07:11, time: 0.166, data_time: 0.042, memory: 2022, loss: 1.6311, grad_norm: 1.8764
2023-02-08 03:08:13,835 - mmcls - INFO - Epoch [30][100/196]	lr: 2.500e-04, eta: 0:07:07, time: 0.126, data_time: 0.000, memory: 2022, loss: 1.5396, grad_norm: 1.9359
2023-02-08 03:08:19,857 - mmcls - INFO - Epoch [30][150/196]	lr: 2.500e-04, eta: 0:07:02, time: 0.120, data_time: 0.000, memory: 2022, loss: 1.6093, grad_norm: 1.8601
2023-02-08 03:08:25,457 - mmcls - INFO - Saving checkpoint at 30 epochs
2023-02-08 03:08:34,188 - mmcls - INFO - Epoch(val) [30][40]	accuracy_top-1: 89.4400, accuracy_top-5: 99.5700
2023-02-08 03:08:42,377 - mmcls - INFO - Epoch [31][50/196]	lr: 2.500e-04, eta: 0:06:50, time: 0.164, data_time: 0.042, memory: 2022, loss: 1.6595, grad_norm: 1.7595
2023-02-08 03:08:48,674 - mmcls - INFO - Epoch [31][100/196]	lr: 2.500e-04, eta: 0:06:46, time: 0.126, data_time: 0.000, memory: 2022, loss: 1.6222, grad_norm: 1.7656
2023-02-08 03:08:54,923 - mmcls - INFO - Epoch [31][150/196]	lr: 2.500e-04, eta: 0:06:41, time: 0.125, data_time: 0.000, memory: 2022, loss: 1.6223, grad_norm: 1.8244
2023-02-08 03:09:08,493 - mmcls - INFO - Epoch(val) [31][40]	accuracy_top-1: 89.5300, accuracy_top-5: 99.7900
2023-02-08 03:09:16,686 - mmcls - INFO - Epoch [32][50/196]	lr: 2.500e-04, eta: 0:06:30, time: 0.164, data_time: 0.042, memory: 2022, loss: 1.6037, grad_norm: 1.8090
2023-02-08 03:09:23,009 - mmcls - INFO - Epoch [32][100/196]	lr: 2.500e-04, eta: 0:06:25, time: 0.126, data_time: 0.000, memory: 2022, loss: 1.5910, grad_norm: 1.8525
2023-02-08 03:09:29,153 - mmcls - INFO - Epoch [32][150/196]	lr: 2.500e-04, eta: 0:06:20, time: 0.123, data_time: 0.000, memory: 2022, loss: 1.6029, grad_norm: 1.8709
2023-02-08 03:09:42,847 - mmcls - INFO - Epoch(val) [32][40]	accuracy_top-1: 89.7400, accuracy_top-5: 99.6700
2023-02-08 03:09:50,990 - mmcls - INFO - Epoch [33][50/196]	lr: 2.500e-04, eta: 0:06:09, time: 0.163, data_time: 0.042, memory: 2022, loss: 1.6319, grad_norm: 1.7994
2023-02-08 03:09:57,017 - mmcls - INFO - Epoch [33][100/196]	lr: 2.500e-04, eta: 0:06:04, time: 0.121, data_time: 0.000, memory: 2022, loss: 1.6069, grad_norm: 1.8734
2023-02-08 03:10:03,348 - mmcls - INFO - Epoch [33][150/196]	lr: 2.500e-04, eta: 0:05:59, time: 0.127, data_time: 0.000, memory: 2022, loss: 1.5455, grad_norm: 1.9509
2023-02-08 03:10:16,885 - mmcls - INFO - Epoch(val) [33][40]	accuracy_top-1: 90.1400, accuracy_top-5: 99.7500
2023-02-08 03:10:25,075 - mmcls - INFO - Epoch [34][50/196]	lr: 2.500e-04, eta: 0:05:48, time: 0.164, data_time: 0.042, memory: 2022, loss: 1.5279, grad_norm: 2.0182
2023-02-08 03:10:31,387 - mmcls - INFO - Epoch [34][100/196]	lr: 2.500e-04, eta: 0:05:43, time: 0.126, data_time: 0.000, memory: 2022, loss: 1.6574, grad_norm: 1.8125
2023-02-08 03:10:37,431 - mmcls - INFO - Epoch [34][150/196]	lr: 2.500e-04, eta: 0:05:38, time: 0.121, data_time: 0.000, memory: 2022, loss: 1.5915, grad_norm: 1.8778
2023-02-08 03:10:50,935 - mmcls - INFO - Epoch(val) [34][40]	accuracy_top-1: 90.2000, accuracy_top-5: 99.7300
2023-02-08 03:10:59,118 - mmcls - INFO - Epoch [35][50/196]	lr: 2.500e-04, eta: 0:05:27, time: 0.164, data_time: 0.042, memory: 2022, loss: 1.6437, grad_norm: 1.7669
2023-02-08 03:11:05,383 - mmcls - INFO - Epoch [35][100/196]	lr: 2.500e-04, eta: 0:05:22, time: 0.125, data_time: 0.000, memory: 2022, loss: 1.6586, grad_norm: 1.8106
2023-02-08 03:11:11,505 - mmcls - INFO - Epoch [35][150/196]	lr: 2.500e-04, eta: 0:05:17, time: 0.122, data_time: 0.000, memory: 2022, loss: 1.6143, grad_norm: 1.9237
2023-02-08 03:11:17,313 - mmcls - INFO - Saving checkpoint at 35 epochs
2023-02-08 03:11:26,148 - mmcls - INFO - Epoch(val) [35][40]	accuracy_top-1: 90.0200, accuracy_top-5: 99.6900
2023-02-08 03:11:34,450 - mmcls - INFO - Epoch [36][50/196]	lr: 2.500e-04, eta: 0:05:06, time: 0.166, data_time: 0.042, memory: 2022, loss: 1.6159, grad_norm: 1.8778
2023-02-08 03:11:40,776 - mmcls - INFO - Epoch [36][100/196]	lr: 2.500e-04, eta: 0:05:01, time: 0.127, data_time: 0.000, memory: 2022, loss: 1.6109, grad_norm: 1.8217
2023-02-08 03:11:46,823 - mmcls - INFO - Epoch [36][150/196]	lr: 2.500e-04, eta: 0:04:56, time: 0.121, data_time: 0.000, memory: 2022, loss: 1.5708, grad_norm: 1.8387
2023-02-08 03:12:00,310 - mmcls - INFO - Epoch(val) [36][40]	accuracy_top-1: 90.5600, accuracy_top-5: 99.6700
2023-02-08 03:12:08,546 - mmcls - INFO - Epoch [37][50/196]	lr: 2.500e-04, eta: 0:04:45, time: 0.165, data_time: 0.042, memory: 2022, loss: 1.6418, grad_norm: 1.8368
2023-02-08 03:12:14,657 - mmcls - INFO - Epoch [37][100/196]	lr: 2.500e-04, eta: 0:04:40, time: 0.122, data_time: 0.000, memory: 2022, loss: 1.5342, grad_norm: 1.9940
2023-02-08 03:12:21,082 - mmcls - INFO - Epoch [37][150/196]	lr: 2.500e-04, eta: 0:04:35, time: 0.128, data_time: 0.001, memory: 2022, loss: 1.6994, grad_norm: 1.7188
2023-02-08 03:12:34,797 - mmcls - INFO - Epoch(val) [37][40]	accuracy_top-1: 90.4600, accuracy_top-5: 99.6900
2023-02-08 03:12:42,981 - mmcls - INFO - Epoch [38][50/196]	lr: 2.500e-04, eta: 0:04:24, time: 0.164, data_time: 0.042, memory: 2022, loss: 1.5708, grad_norm: 1.8590
2023-02-08 03:12:49,300 - mmcls - INFO - Epoch [38][100/196]	lr: 2.500e-04, eta: 0:04:19, time: 0.126, data_time: 0.000, memory: 2022, loss: 1.5870, grad_norm: 1.8217
2023-02-08 03:12:55,348 - mmcls - INFO - Epoch [38][150/196]	lr: 2.500e-04, eta: 0:04:14, time: 0.121, data_time: 0.000, memory: 2022, loss: 1.6306, grad_norm: 1.8062
2023-02-08 03:13:09,119 - mmcls - INFO - Epoch(val) [38][40]	accuracy_top-1: 90.6600, accuracy_top-5: 99.7300
2023-02-08 03:13:17,306 - mmcls - INFO - Epoch [39][50/196]	lr: 2.500e-04, eta: 0:04:03, time: 0.164, data_time: 0.042, memory: 2022, loss: 1.6441, grad_norm: 1.7821
2023-02-08 03:13:23,398 - mmcls - INFO - Epoch [39][100/196]	lr: 2.500e-04, eta: 0:03:58, time: 0.122, data_time: 0.000, memory: 2022, loss: 1.5962, grad_norm: 1.8367
2023-02-08 03:13:29,650 - mmcls - INFO - Epoch [39][150/196]	lr: 2.500e-04, eta: 0:03:53, time: 0.125, data_time: 0.001, memory: 2022, loss: 1.6293, grad_norm: 1.7673
2023-02-08 03:13:43,119 - mmcls - INFO - Epoch(val) [39][40]	accuracy_top-1: 90.0400, accuracy_top-5: 99.6700
2023-02-08 03:13:51,348 - mmcls - INFO - Epoch [40][50/196]	lr: 2.500e-04, eta: 0:03:43, time: 0.165, data_time: 0.042, memory: 2022, loss: 1.6194, grad_norm: 1.7320
2023-02-08 03:13:57,705 - mmcls - INFO - Epoch [40][100/196]	lr: 2.500e-04, eta: 0:03:38, time: 0.127, data_time: 0.001, memory: 2022, loss: 1.5546, grad_norm: 1.8472
2023-02-08 03:14:03,944 - mmcls - INFO - Epoch [40][150/196]	lr: 2.500e-04, eta: 0:03:33, time: 0.125, data_time: 0.000, memory: 2022, loss: 1.5783, grad_norm: 1.8331
2023-02-08 03:14:09,553 - mmcls - INFO - Saving checkpoint at 40 epochs
2023-02-08 03:14:18,102 - mmcls - INFO - Epoch(val) [40][40]	accuracy_top-1: 90.0800, accuracy_top-5: 99.6500
2023-02-08 03:14:26,341 - mmcls - INFO - Epoch [41][50/196]	lr: 2.500e-04, eta: 0:03:22, time: 0.165, data_time: 0.042, memory: 2022, loss: 1.5994, grad_norm: 1.8175
2023-02-08 03:14:32,605 - mmcls - INFO - Epoch [41][100/196]	lr: 2.500e-04, eta: 0:03:17, time: 0.125, data_time: 0.000, memory: 2022, loss: 1.6756, grad_norm: 1.6981
2023-02-08 03:14:38,733 - mmcls - INFO - Epoch [41][150/196]	lr: 2.500e-04, eta: 0:03:12, time: 0.123, data_time: 0.000, memory: 2022, loss: 1.5951, grad_norm: 1.8327
2023-02-08 03:14:52,360 - mmcls - INFO - Epoch(val) [41][40]	accuracy_top-1: 90.3400, accuracy_top-5: 99.6400
2023-02-08 03:15:00,752 - mmcls - INFO - Epoch [42][50/196]	lr: 2.500e-04, eta: 0:03:01, time: 0.168, data_time: 0.042, memory: 2022, loss: 1.6209, grad_norm: 1.7548
2023-02-08 03:15:07,077 - mmcls - INFO - Epoch [42][100/196]	lr: 2.500e-04, eta: 0:02:56, time: 0.126, data_time: 0.000, memory: 2022, loss: 1.5510, grad_norm: 1.8356
2023-02-08 03:15:13,346 - mmcls - INFO - Epoch [42][150/196]	lr: 2.500e-04, eta: 0:02:51, time: 0.125, data_time: 0.000, memory: 2022, loss: 1.6562, grad_norm: 1.7598
2023-02-08 03:15:26,723 - mmcls - INFO - Epoch(val) [42][40]	accuracy_top-1: 90.7400, accuracy_top-5: 99.7100
2023-02-08 03:15:34,953 - mmcls - INFO - Epoch [43][50/196]	lr: 2.500e-04, eta: 0:02:40, time: 0.165, data_time: 0.042, memory: 2022, loss: 1.6270, grad_norm: 1.8067
2023-02-08 03:15:41,045 - mmcls - INFO - Epoch [43][100/196]	lr: 2.500e-04, eta: 0:02:35, time: 0.122, data_time: 0.000, memory: 2022, loss: 1.6383, grad_norm: 1.7105
2023-02-08 03:15:47,315 - mmcls - INFO - Epoch [43][150/196]	lr: 2.500e-04, eta: 0:02:30, time: 0.125, data_time: 0.001, memory: 2022, loss: 1.6086, grad_norm: 1.8619
2023-02-08 03:16:00,881 - mmcls - INFO - Epoch(val) [43][40]	accuracy_top-1: 90.2800, accuracy_top-5: 99.7300
2023-02-08 03:16:09,332 - mmcls - INFO - Epoch [44][50/196]	lr: 2.500e-04, eta: 0:02:20, time: 0.169, data_time: 0.043, memory: 2022, loss: 1.5146, grad_norm: 1.8883
2023-02-08 03:16:15,589 - mmcls - INFO - Epoch [44][100/196]	lr: 2.500e-04, eta: 0:02:14, time: 0.125, data_time: 0.000, memory: 2022, loss: 1.6045, grad_norm: 1.7757
2023-02-08 03:16:21,685 - mmcls - INFO - Epoch [44][150/196]	lr: 2.500e-04, eta: 0:02:09, time: 0.122, data_time: 0.001, memory: 2022, loss: 1.5847, grad_norm: 1.8415
2023-02-08 03:16:35,315 - mmcls - INFO - Epoch(val) [44][40]	accuracy_top-1: 90.6400, accuracy_top-5: 99.7100
2023-02-08 03:16:43,558 - mmcls - INFO - Epoch [45][50/196]	lr: 2.500e-04, eta: 0:01:59, time: 0.165, data_time: 0.042, memory: 2022, loss: 1.5669, grad_norm: 1.8923
2023-02-08 03:16:49,802 - mmcls - INFO - Epoch [45][100/196]	lr: 2.500e-04, eta: 0:01:54, time: 0.125, data_time: 0.000, memory: 2022, loss: 1.5863, grad_norm: 1.9060
2023-02-08 03:16:55,871 - mmcls - INFO - Epoch [45][150/196]	lr: 2.500e-04, eta: 0:01:48, time: 0.121, data_time: 0.000, memory: 2022, loss: 1.5910, grad_norm: 1.8691
2023-02-08 03:17:01,433 - mmcls - INFO - Saving checkpoint at 45 epochs
2023-02-08 03:17:10,098 - mmcls - INFO - Epoch(val) [45][40]	accuracy_top-1: 90.6200, accuracy_top-5: 99.5700
2023-02-08 03:17:18,494 - mmcls - INFO - Epoch [46][50/196]	lr: 2.500e-04, eta: 0:01:38, time: 0.168, data_time: 0.042, memory: 2022, loss: 1.5720, grad_norm: 1.8986
2023-02-08 03:17:24,536 - mmcls - INFO - Epoch [46][100/196]	lr: 2.500e-04, eta: 0:01:33, time: 0.121, data_time: 0.000, memory: 2022, loss: 1.6024, grad_norm: 1.8456
2023-02-08 03:17:30,858 - mmcls - INFO - Epoch [46][150/196]	lr: 2.500e-04, eta: 0:01:28, time: 0.126, data_time: 0.000, memory: 2022, loss: 1.5840, grad_norm: 1.8103
2023-02-08 03:17:45,576 - mmcls - INFO - Epoch(val) [46][40]	accuracy_top-1: 90.6300, accuracy_top-5: 99.6700
2023-02-08 03:17:53,956 - mmcls - INFO - Epoch [47][50/196]	lr: 2.500e-04, eta: 0:01:17, time: 0.168, data_time: 0.042, memory: 2022, loss: 1.6097, grad_norm: 1.8269
2023-02-08 03:17:59,962 - mmcls - INFO - Epoch [47][100/196]	lr: 2.500e-04, eta: 0:01:12, time: 0.120, data_time: 0.000, memory: 2022, loss: 1.5851, grad_norm: 1.8482
2023-02-08 03:18:06,313 - mmcls - INFO - Epoch [47][150/196]	lr: 2.500e-04, eta: 0:01:07, time: 0.127, data_time: 0.000, memory: 2022, loss: 1.6065, grad_norm: 1.8101
2023-02-08 03:18:19,695 - mmcls - INFO - Epoch(val) [47][40]	accuracy_top-1: 90.3800, accuracy_top-5: 99.5300
2023-02-08 03:18:27,961 - mmcls - INFO - Epoch [48][50/196]	lr: 2.500e-04, eta: 0:00:56, time: 0.165, data_time: 0.042, memory: 2022, loss: 1.6025, grad_norm: 1.7935
2023-02-08 03:18:34,252 - mmcls - INFO - Epoch [48][100/196]	lr: 2.500e-04, eta: 0:00:51, time: 0.126, data_time: 0.000, memory: 2022, loss: 1.6115, grad_norm: 1.8188
2023-02-08 03:18:40,294 - mmcls - INFO - Epoch [48][150/196]	lr: 2.500e-04, eta: 0:00:46, time: 0.121, data_time: 0.001, memory: 2022, loss: 1.5606, grad_norm: 1.8259
2023-02-08 03:18:53,576 - mmcls - INFO - Epoch(val) [48][40]	accuracy_top-1: 90.4900, accuracy_top-5: 99.6800
2023-02-08 03:19:01,811 - mmcls - INFO - Epoch [49][50/196]	lr: 2.500e-04, eta: 0:00:36, time: 0.165, data_time: 0.042, memory: 2022, loss: 1.6674, grad_norm: 1.6907
2023-02-08 03:19:08,047 - mmcls - INFO - Epoch [49][100/196]	lr: 2.500e-04, eta: 0:00:30, time: 0.125, data_time: 0.000, memory: 2022, loss: 1.5635, grad_norm: 1.8718
2023-02-08 03:19:14,149 - mmcls - INFO - Epoch [49][150/196]	lr: 2.500e-04, eta: 0:00:25, time: 0.122, data_time: 0.000, memory: 2022, loss: 1.6275, grad_norm: 1.7728
2023-02-08 03:19:27,408 - mmcls - INFO - Epoch(val) [49][40]	accuracy_top-1: 90.6500, accuracy_top-5: 99.5200
2023-02-08 03:19:35,600 - mmcls - INFO - Epoch [50][50/196]	lr: 2.500e-04, eta: 0:00:15, time: 0.164, data_time: 0.042, memory: 2022, loss: 1.5688, grad_norm: 1.8452
2023-02-08 03:19:41,956 - mmcls - INFO - Epoch [50][100/196]	lr: 2.500e-04, eta: 0:00:10, time: 0.127, data_time: 0.000, memory: 2022, loss: 1.5920, grad_norm: 1.8161
2023-02-08 03:19:47,958 - mmcls - INFO - Epoch [50][150/196]	lr: 2.500e-04, eta: 0:00:04, time: 0.120, data_time: 0.000, memory: 2022, loss: 1.6148, grad_norm: 1.8883
2023-02-08 03:19:53,739 - mmcls - INFO - Saving checkpoint at 50 epochs
2023-02-08 03:20:02,515 - mmcls - INFO - Epoch(val) [50][40]	accuracy_top-1: 90.2500, accuracy_top-5: 99.6300
