2023-02-10 18:49:10,426 - mmdet - INFO - Environment info:
------------------------------------------------------------
sys.platform: win32
Python: 3.7.16 (default, Jan 17 2023, 16:06:28) [MSC v.1916 64 bit (AMD64)]
CUDA available: True
GPU 0: NVIDIA GeForce RTX 3060 Laptop GPU
CUDA_HOME: C:\Program Files\NVIDIA GPU Computing Toolkit\CUDA\v11.3
NVCC: Cuda compilation tools, release 11.3, V11.3.58
MSVC: 用于 x64 的 Microsoft (R) C/C++ 优化编译器 19.34.31937 版
GCC: n/a
PyTorch: 1.12.1+cu113
PyTorch compiling details: PyTorch built with:
  - C++ Version: 199711
  - MSVC 192829337
  - Intel(R) Math Kernel Library Version 2020.0.2 Product Build 20200624 for Intel(R) 64 architecture applications
  - Intel(R) MKL-DNN v2.6.0 (Git Hash 52b5f107dd9cf10910aaa19cb47f3abf9b349815)
  - OpenMP 2019
  - LAPACK is enabled (usually provided by MKL)
  - CPU capability usage: AVX2
  - CUDA Runtime 11.3
  - NVCC architecture flags: -gencode;arch=compute_37,code=sm_37;-gencode;arch=compute_50,code=sm_50;-gencode;arch=compute_60,code=sm_60;-gencode;arch=compute_61,code=sm_61;-gencode;arch=compute_70,code=sm_70;-gencode;arch=compute_75,code=sm_75;-gencode;arch=compute_80,code=sm_80;-gencode;arch=compute_86,code=sm_86;-gencode;arch=compute_37,code=compute_37
  - CuDNN 8.3.2  (built against CUDA 11.5)
  - Magma 2.5.4
  - Build settings: BLAS_INFO=mkl, BUILD_TYPE=Release, CUDA_VERSION=11.3, CUDNN_VERSION=8.3.2, CXX_COMPILER=C:/actions-runner/_work/pytorch/pytorch/builder/windows/tmp_bin/sccache-cl.exe, CXX_FLAGS=/DWIN32 /D_WINDOWS /GR /EHsc /w /bigobj -DUSE_PTHREADPOOL -openmp:experimental -IC:/actions-runner/_work/pytorch/pytorch/builder/windows/mkl/include -DNDEBUG -DUSE_KINETO -DLIBKINETO_NOCUPTI -DUSE_FBGEMM -DUSE_XNNPACK -DSYMBOLICATE_MOBILE_DEBUG_HANDLE -DEDGE_PROFILER_USE_KINETO, LAPACK_INFO=mkl, PERF_WITH_AVX=1, PERF_WITH_AVX2=1, PERF_WITH_AVX512=1, TORCH_VERSION=1.12.1, USE_CUDA=ON, USE_CUDNN=ON, USE_EXCEPTION_PTR=1, USE_GFLAGS=OFF, USE_GLOG=OFF, USE_MKL=ON, USE_MKLDNN=OFF, USE_MPI=OFF, USE_NCCL=OFF, USE_NNPACK=OFF, USE_OPENMP=ON, USE_ROCM=OFF, 

TorchVision: 0.13.1+cu113
OpenCV: 4.7.0
MMCV: 1.7.1
MMCV Compiler: MSVC 192829924
MMCV CUDA Compiler: 11.3
MMDetection: 2.28.1+c14dd6c
------------------------------------------------------------

2023-02-10 18:49:10,636 - mmdet - INFO - Distributed training: False
2023-02-10 18:49:10,848 - mmdet - INFO - Config:
model = dict(
    type='MaskRCNN',
    backbone=dict(
        type='ResNet',
        depth=50,
        num_stages=4,
        out_indices=(0, 1, 2, 3),
        frozen_stages=1,
        norm_cfg=dict(type='BN', requires_grad=True),
        norm_eval=True,
        style='pytorch',
        init_cfg=dict(type='Pretrained', checkpoint='torchvision://resnet50')),
    neck=dict(
        type='FPN',
        in_channels=[256, 512, 1024, 2048],
        out_channels=256,
        num_outs=5),
    rpn_head=dict(
        type='RPNHead',
        in_channels=256,
        feat_channels=256,
        anchor_generator=dict(
            type='AnchorGenerator',
            scales=[8],
            ratios=[0.5, 1.0, 2.0],
            strides=[4, 8, 16, 32, 64]),
        bbox_coder=dict(
            type='DeltaXYWHBBoxCoder',
            target_means=[0.0, 0.0, 0.0, 0.0],
            target_stds=[1.0, 1.0, 1.0, 1.0]),
        loss_cls=dict(
            type='CrossEntropyLoss', use_sigmoid=True, loss_weight=1.0),
        loss_bbox=dict(type='L1Loss', loss_weight=1.0)),
    roi_head=dict(
        type='StandardRoIHead',
        bbox_roi_extractor=dict(
            type='SingleRoIExtractor',
            roi_layer=dict(type='RoIAlign', output_size=7, sampling_ratio=0),
            out_channels=256,
            featmap_strides=[4, 8, 16, 32]),
        bbox_head=dict(
            type='Shared2FCBBoxHead',
            in_channels=256,
            fc_out_channels=1024,
            roi_feat_size=7,
            num_classes=1,
            bbox_coder=dict(
                type='DeltaXYWHBBoxCoder',
                target_means=[0.0, 0.0, 0.0, 0.0],
                target_stds=[0.1, 0.1, 0.2, 0.2]),
            reg_class_agnostic=False,
            loss_cls=dict(
                type='CrossEntropyLoss', use_sigmoid=False, loss_weight=1.0),
            loss_bbox=dict(type='L1Loss', loss_weight=1.0)),
        mask_roi_extractor=dict(
            type='SingleRoIExtractor',
            roi_layer=dict(type='RoIAlign', output_size=14, sampling_ratio=0),
            out_channels=256,
            featmap_strides=[4, 8, 16, 32]),
        mask_head=dict(
            type='FCNMaskHead',
            num_convs=4,
            in_channels=256,
            conv_out_channels=256,
            num_classes=1,
            loss_mask=dict(
                type='CrossEntropyLoss', use_mask=True, loss_weight=1.0))),
    train_cfg=dict(
        rpn=dict(
            assigner=dict(
                type='MaxIoUAssigner',
                pos_iou_thr=0.7,
                neg_iou_thr=0.3,
                min_pos_iou=0.3,
                match_low_quality=True,
                ignore_iof_thr=-1),
            sampler=dict(
                type='RandomSampler',
                num=256,
                pos_fraction=0.5,
                neg_pos_ub=-1,
                add_gt_as_proposals=False),
            allowed_border=-1,
            pos_weight=-1,
            debug=False),
        rpn_proposal=dict(
            nms_pre=2000,
            max_per_img=1000,
            nms=dict(type='nms', iou_threshold=0.7),
            min_bbox_size=0),
        rcnn=dict(
            assigner=dict(
                type='MaxIoUAssigner',
                pos_iou_thr=0.5,
                neg_iou_thr=0.5,
                min_pos_iou=0.5,
                match_low_quality=True,
                ignore_iof_thr=-1),
            sampler=dict(
                type='RandomSampler',
                num=512,
                pos_fraction=0.25,
                neg_pos_ub=-1,
                add_gt_as_proposals=True),
            mask_size=28,
            pos_weight=-1,
            debug=False)),
    test_cfg=dict(
        rpn=dict(
            nms_pre=1000,
            max_per_img=1000,
            nms=dict(type='nms', iou_threshold=0.7),
            min_bbox_size=0),
        rcnn=dict(
            score_thr=0.05,
            nms=dict(type='nms', iou_threshold=0.5),
            max_per_img=100,
            mask_thr_binary=0.5)))
dataset_type = 'CocoDataset'
data_root = 'data/coco/'
img_norm_cfg = dict(
    mean=[123.675, 116.28, 103.53], std=[58.395, 57.12, 57.375], to_rgb=True)
train_pipeline = [
    dict(type='LoadImageFromFile'),
    dict(type='LoadAnnotations', with_bbox=True, with_mask=True),
    dict(type='Resize', img_scale=(1333, 800), keep_ratio=True),
    dict(type='RandomFlip', flip_ratio=0.5),
    dict(
        type='Normalize',
        mean=[123.675, 116.28, 103.53],
        std=[58.395, 57.12, 57.375],
        to_rgb=True),
    dict(type='Pad', size_divisor=32),
    dict(type='DefaultFormatBundle'),
    dict(type='Collect', keys=['img', 'gt_bboxes', 'gt_labels', 'gt_masks'])
]
test_pipeline = [
    dict(type='LoadImageFromFile'),
    dict(
        type='MultiScaleFlipAug',
        img_scale=(1333, 800),
        flip=False,
        transforms=[
            dict(type='Resize', keep_ratio=True),
            dict(type='RandomFlip'),
            dict(
                type='Normalize',
                mean=[123.675, 116.28, 103.53],
                std=[58.395, 57.12, 57.375],
                to_rgb=True),
            dict(type='Pad', size_divisor=32),
            dict(type='ImageToTensor', keys=['img']),
            dict(type='Collect', keys=['img'])
        ])
]
data = dict(
    samples_per_gpu=2,
    workers_per_gpu=2,
    train=dict(
        type='CocoDataset',
        ann_file='data/balloon/train/annotation_coco.json',
        img_prefix='data/balloon/train/',
        pipeline=[
            dict(type='LoadImageFromFile'),
            dict(type='LoadAnnotations', with_bbox=True, with_mask=True),
            dict(type='Resize', img_scale=(1333, 800), keep_ratio=True),
            dict(type='RandomFlip', flip_ratio=0.5),
            dict(
                type='Normalize',
                mean=[123.675, 116.28, 103.53],
                std=[58.395, 57.12, 57.375],
                to_rgb=True),
            dict(type='Pad', size_divisor=32),
            dict(type='DefaultFormatBundle'),
            dict(
                type='Collect',
                keys=['img', 'gt_bboxes', 'gt_labels', 'gt_masks'])
        ],
        classes=('balloon', )),
    val=dict(
        type='CocoDataset',
        ann_file='data/balloon/val/annotation_coco.json',
        img_prefix='data/balloon/val/',
        pipeline=[
            dict(type='LoadImageFromFile'),
            dict(
                type='MultiScaleFlipAug',
                img_scale=(1333, 800),
                flip=False,
                transforms=[
                    dict(type='Resize', keep_ratio=True),
                    dict(type='RandomFlip'),
                    dict(
                        type='Normalize',
                        mean=[123.675, 116.28, 103.53],
                        std=[58.395, 57.12, 57.375],
                        to_rgb=True),
                    dict(type='Pad', size_divisor=32),
                    dict(type='ImageToTensor', keys=['img']),
                    dict(type='Collect', keys=['img'])
                ])
        ],
        classes=('balloon', )),
    test=dict(
        type='CocoDataset',
        ann_file='data/balloon/val/annotation_coco.json',
        img_prefix='data/balloon/val/',
        pipeline=[
            dict(type='LoadImageFromFile'),
            dict(
                type='MultiScaleFlipAug',
                img_scale=(1333, 800),
                flip=False,
                transforms=[
                    dict(type='Resize', keep_ratio=True),
                    dict(type='RandomFlip'),
                    dict(
                        type='Normalize',
                        mean=[123.675, 116.28, 103.53],
                        std=[58.395, 57.12, 57.375],
                        to_rgb=True),
                    dict(type='Pad', size_divisor=32),
                    dict(type='ImageToTensor', keys=['img']),
                    dict(type='Collect', keys=['img'])
                ])
        ],
        classes=('balloon', )))
evaluation = dict(metric=['bbox', 'segm'])
optimizer = dict(type='SGD', lr=0.02, momentum=0.9, weight_decay=0.0001)
optimizer_config = dict(grad_clip=None)
lr_config = dict(
    policy='step',
    warmup='linear',
    warmup_iters=500,
    warmup_ratio=0.001,
    step=[16, 22])
runner = dict(type='EpochBasedRunner', max_epochs=24)
checkpoint_config = dict(interval=4)
log_config = dict(interval=10, hooks=[dict(type='TextLoggerHook')])
custom_hooks = [dict(type='NumClassCheckHook')]
dist_params = dict(backend='nccl')
log_level = 'INFO'
load_from = 'checkpoints/mask_rcnn_r50_fpn_2x_coco_bbox_mAP-0.392__segm_mAP-0.354_20200505_003907-3e542a40.pth'
resume_from = None
workflow = [('train', 1)]
opencv_num_threads = 0
mp_start_method = 'fork'
auto_scale_lr = dict(enable=False, base_batch_size=16)
work_dir = './work_dirs\mask_rcnn_r50_fpn_balloon'
auto_resume = False
gpu_ids = [0]

2023-02-10 18:49:10,851 - mmdet - INFO - Set random seed to 498692955, deterministic: False
2023-02-10 18:49:11,619 - mmdet - INFO - Automatic scaling of learning rate (LR) has been disabled.
2023-02-10 18:49:11,625 - mmdet - INFO - load checkpoint from local path: checkpoints/mask_rcnn_r50_fpn_2x_coco_bbox_mAP-0.392__segm_mAP-0.354_20200505_003907-3e542a40.pth
2023-02-10 18:49:11,750 - mmdet - WARNING - The model and loaded state dict do not match exactly

size mismatch for roi_head.bbox_head.fc_cls.weight: copying a param with shape torch.Size([81, 1024]) from checkpoint, the shape in current model is torch.Size([2, 1024]).
size mismatch for roi_head.bbox_head.fc_cls.bias: copying a param with shape torch.Size([81]) from checkpoint, the shape in current model is torch.Size([2]).
size mismatch for roi_head.bbox_head.fc_reg.weight: copying a param with shape torch.Size([320, 1024]) from checkpoint, the shape in current model is torch.Size([4, 1024]).
size mismatch for roi_head.bbox_head.fc_reg.bias: copying a param with shape torch.Size([320]) from checkpoint, the shape in current model is torch.Size([4]).
size mismatch for roi_head.mask_head.conv_logits.weight: copying a param with shape torch.Size([80, 256, 1, 1]) from checkpoint, the shape in current model is torch.Size([1, 256, 1, 1]).
size mismatch for roi_head.mask_head.conv_logits.bias: copying a param with shape torch.Size([80]) from checkpoint, the shape in current model is torch.Size([1]).
2023-02-10 18:49:11,759 - mmdet - INFO - Start running, host: zxh@DESKTOP-TTR3BCS, work_dir: D:\mmdetection\work_dirs\mask_rcnn_r50_fpn_balloon
2023-02-10 18:49:11,760 - mmdet - INFO - Hooks will be executed in the following order:
before_run:
(VERY_HIGH   ) StepLrUpdaterHook                  
(NORMAL      ) CheckpointHook                     
(LOW         ) EvalHook                           
(VERY_LOW    ) TextLoggerHook                     
 -------------------- 
before_train_epoch:
(VERY_HIGH   ) StepLrUpdaterHook                  
(NORMAL      ) NumClassCheckHook                  
(LOW         ) IterTimerHook                      
(LOW         ) EvalHook                           
(VERY_LOW    ) TextLoggerHook                     
 -------------------- 
before_train_iter:
(VERY_HIGH   ) StepLrUpdaterHook                  
(LOW         ) IterTimerHook                      
(LOW         ) EvalHook                           
 -------------------- 
after_train_iter:
(ABOVE_NORMAL) OptimizerHook                      
(NORMAL      ) CheckpointHook                     
(LOW         ) IterTimerHook                      
(LOW         ) EvalHook                           
(VERY_LOW    ) TextLoggerHook                     
 -------------------- 
after_train_epoch:
(NORMAL      ) CheckpointHook                     
(LOW         ) EvalHook                           
(VERY_LOW    ) TextLoggerHook                     
 -------------------- 
before_val_epoch:
(NORMAL      ) NumClassCheckHook                  
(LOW         ) IterTimerHook                      
(VERY_LOW    ) TextLoggerHook                     
 -------------------- 
before_val_iter:
(LOW         ) IterTimerHook                      
 -------------------- 
after_val_iter:
(LOW         ) IterTimerHook                      
 -------------------- 
after_val_epoch:
(VERY_LOW    ) TextLoggerHook                     
 -------------------- 
after_run:
(VERY_LOW    ) TextLoggerHook                     
 -------------------- 
2023-02-10 18:49:11,761 - mmdet - INFO - workflow: [('train', 1)], max: 24 epochs
2023-02-10 18:49:11,761 - mmdet - INFO - Checkpoints will be saved to D:\mmdetection\work_dirs\mask_rcnn_r50_fpn_balloon by HardDiskBackend.
2023-02-10 18:49:40,151 - mmdet - INFO - Epoch [1][10/31]	lr: 3.796e-04, eta: 0:34:38, time: 2.832, data_time: 0.722, memory: 3812, loss_rpn_cls: 0.0691, loss_rpn_bbox: 0.0184, loss_cls: 0.5776, acc: 75.9277, loss_bbox: 0.3282, loss_mask: 0.2798, loss: 1.2731
2023-02-10 18:49:45,410 - mmdet - INFO - Epoch [1][20/31]	lr: 7.792e-04, eta: 0:20:15, time: 0.525, data_time: 0.020, memory: 3812, loss_rpn_cls: 0.0493, loss_rpn_bbox: 0.0139, loss_cls: 0.2796, acc: 90.7715, loss_bbox: 0.3289, loss_mask: 0.1890, loss: 0.8607
2023-02-10 18:49:50,749 - mmdet - INFO - Epoch [1][30/31]	lr: 1.179e-03, eta: 0:15:25, time: 0.533, data_time: 0.022, memory: 3812, loss_rpn_cls: 0.0413, loss_rpn_bbox: 0.0091, loss_cls: 0.2221, acc: 89.0039, loss_bbox: 0.4061, loss_mask: 0.2066, loss: 0.8852
2023-02-10 18:50:06,036 - mmdet - INFO - Evaluating bbox...
2023-02-10 18:50:06,155 - mmdet - INFO - 
 Average Precision  (AP) @[ IoU=0.50:0.95 | area=   all | maxDets=100 ] = 0.668
 Average Precision  (AP) @[ IoU=0.50      | area=   all | maxDets=1000 ] = 0.862
 Average Precision  (AP) @[ IoU=0.75      | area=   all | maxDets=1000 ] = 0.851
 Average Precision  (AP) @[ IoU=0.50:0.95 | area= small | maxDets=1000 ] = 0.042
 Average Precision  (AP) @[ IoU=0.50:0.95 | area=medium | maxDets=1000 ] = 0.614
 Average Precision  (AP) @[ IoU=0.50:0.95 | area= large | maxDets=1000 ] = 0.708
 Average Recall     (AR) @[ IoU=0.50:0.95 | area=   all | maxDets=100 ] = 0.760
 Average Recall     (AR) @[ IoU=0.50:0.95 | area=   all | maxDets=300 ] = 0.760
 Average Recall     (AR) @[ IoU=0.50:0.95 | area=   all | maxDets=1000 ] = 0.760
 Average Recall     (AR) @[ IoU=0.50:0.95 | area= small | maxDets=1000 ] = 0.250
 Average Recall     (AR) @[ IoU=0.50:0.95 | area=medium | maxDets=1000 ] = 0.775
 Average Recall     (AR) @[ IoU=0.50:0.95 | area= large | maxDets=1000 ] = 0.783

2023-02-10 18:50:06,156 - mmdet - INFO - Evaluating segm...
2023-02-10 18:50:06,319 - mmdet - INFO - 
 Average Precision  (AP) @[ IoU=0.50:0.95 | area=   all | maxDets=100 ] = 0.770
 Average Precision  (AP) @[ IoU=0.50      | area=   all | maxDets=1000 ] = 0.857
 Average Precision  (AP) @[ IoU=0.75      | area=   all | maxDets=1000 ] = 0.853
 Average Precision  (AP) @[ IoU=0.50:0.95 | area= small | maxDets=1000 ] = 0.014
 Average Precision  (AP) @[ IoU=0.50:0.95 | area=medium | maxDets=1000 ] = 0.670
 Average Precision  (AP) @[ IoU=0.50:0.95 | area= large | maxDets=1000 ] = 0.832
 Average Recall     (AR) @[ IoU=0.50:0.95 | area=   all | maxDets=100 ] = 0.864
 Average Recall     (AR) @[ IoU=0.50:0.95 | area=   all | maxDets=300 ] = 0.864
 Average Recall     (AR) @[ IoU=0.50:0.95 | area=   all | maxDets=1000 ] = 0.864
 Average Recall     (AR) @[ IoU=0.50:0.95 | area= small | maxDets=1000 ] = 0.600
 Average Recall     (AR) @[ IoU=0.50:0.95 | area=medium | maxDets=1000 ] = 0.833
 Average Recall     (AR) @[ IoU=0.50:0.95 | area= large | maxDets=1000 ] = 0.889

2023-02-10 18:50:06,323 - mmdet - INFO - Exp name: mask_rcnn_r50_fpn_balloon.py
2023-02-10 18:50:06,324 - mmdet - INFO - Epoch(val) [1][13]	bbox_mAP: 0.6685, bbox_mAP_50: 0.8620, bbox_mAP_75: 0.8514, bbox_mAP_s: 0.0421, bbox_mAP_m: 0.6141, bbox_mAP_l: 0.7076, bbox_mAP_copypaste: 0.6685 0.8620 0.8514 0.0421 0.6141 0.7076, segm_mAP: 0.7699, segm_mAP_50: 0.8570, segm_mAP_75: 0.8526, segm_mAP_s: 0.0144, segm_mAP_m: 0.6700, segm_mAP_l: 0.8319, segm_mAP_copypaste: 0.7699 0.8570 0.8526 0.0144 0.6700 0.8319
2023-02-10 18:50:18,490 - mmdet - INFO - Epoch [2][10/31]	lr: 1.618e-03, eta: 0:14:34, time: 1.209, data_time: 0.685, memory: 3879, loss_rpn_cls: 0.0279, loss_rpn_bbox: 0.0110, loss_cls: 0.1111, acc: 96.3672, loss_bbox: 0.3114, loss_mask: 0.1418, loss: 0.6033
2023-02-10 18:50:23,702 - mmdet - INFO - Epoch [2][20/31]	lr: 2.018e-03, eta: 0:12:43, time: 0.521, data_time: 0.021, memory: 3926, loss_rpn_cls: 0.0134, loss_rpn_bbox: 0.0158, loss_cls: 0.1151, acc: 95.9766, loss_bbox: 0.2702, loss_mask: 0.1225, loss: 0.5370
2023-02-10 18:50:28,877 - mmdet - INFO - Epoch [2][30/31]	lr: 2.418e-03, eta: 0:11:27, time: 0.518, data_time: 0.017, memory: 3926, loss_rpn_cls: 0.0050, loss_rpn_bbox: 0.0104, loss_cls: 0.0785, acc: 96.9336, loss_bbox: 0.1404, loss_mask: 0.0871, loss: 0.3214
2023-02-10 18:50:36,828 - mmdet - INFO - Evaluating bbox...
2023-02-10 18:50:36,863 - mmdet - INFO - 
 Average Precision  (AP) @[ IoU=0.50:0.95 | area=   all | maxDets=100 ] = 0.659
 Average Precision  (AP) @[ IoU=0.50      | area=   all | maxDets=1000 ] = 0.871
 Average Precision  (AP) @[ IoU=0.75      | area=   all | maxDets=1000 ] = 0.844
 Average Precision  (AP) @[ IoU=0.50:0.95 | area= small | maxDets=1000 ] = 0.000
 Average Precision  (AP) @[ IoU=0.50:0.95 | area=medium | maxDets=1000 ] = 0.577
 Average Precision  (AP) @[ IoU=0.50:0.95 | area= large | maxDets=1000 ] = 0.712
 Average Recall     (AR) @[ IoU=0.50:0.95 | area=   all | maxDets=100 ] = 0.714
 Average Recall     (AR) @[ IoU=0.50:0.95 | area=   all | maxDets=300 ] = 0.714
 Average Recall     (AR) @[ IoU=0.50:0.95 | area=   all | maxDets=1000 ] = 0.714
 Average Recall     (AR) @[ IoU=0.50:0.95 | area= small | maxDets=1000 ] = 0.000
 Average Recall     (AR) @[ IoU=0.50:0.95 | area=medium | maxDets=1000 ] = 0.667
 Average Recall     (AR) @[ IoU=0.50:0.95 | area= large | maxDets=1000 ] = 0.769

2023-02-10 18:50:36,866 - mmdet - INFO - Evaluating segm...
2023-02-10 18:50:36,912 - mmdet - INFO - 
 Average Precision  (AP) @[ IoU=0.50:0.95 | area=   all | maxDets=100 ] = 0.748
 Average Precision  (AP) @[ IoU=0.50      | area=   all | maxDets=1000 ] = 0.861
 Average Precision  (AP) @[ IoU=0.75      | area=   all | maxDets=1000 ] = 0.861
 Average Precision  (AP) @[ IoU=0.50:0.95 | area= small | maxDets=1000 ] = 0.000
 Average Precision  (AP) @[ IoU=0.50:0.95 | area=medium | maxDets=1000 ] = 0.647
 Average Precision  (AP) @[ IoU=0.50:0.95 | area= large | maxDets=1000 ] = 0.808
 Average Recall     (AR) @[ IoU=0.50:0.95 | area=   all | maxDets=100 ] = 0.796
 Average Recall     (AR) @[ IoU=0.50:0.95 | area=   all | maxDets=300 ] = 0.796
 Average Recall     (AR) @[ IoU=0.50:0.95 | area=   all | maxDets=1000 ] = 0.796
 Average Recall     (AR) @[ IoU=0.50:0.95 | area= small | maxDets=1000 ] = 0.000
 Average Recall     (AR) @[ IoU=0.50:0.95 | area=medium | maxDets=1000 ] = 0.750
 Average Recall     (AR) @[ IoU=0.50:0.95 | area= large | maxDets=1000 ] = 0.856

2023-02-10 18:50:36,923 - mmdet - INFO - Exp name: mask_rcnn_r50_fpn_balloon.py
2023-02-10 18:50:36,924 - mmdet - INFO - Epoch(val) [2][13]	bbox_mAP: 0.6587, bbox_mAP_50: 0.8708, bbox_mAP_75: 0.8442, bbox_mAP_s: 0.0000, bbox_mAP_m: 0.5767, bbox_mAP_l: 0.7118, bbox_mAP_copypaste: 0.6587 0.8708 0.8442 0.0000 0.5767 0.7118, segm_mAP: 0.7480, segm_mAP_50: 0.8605, segm_mAP_75: 0.8605, segm_mAP_s: 0.0000, segm_mAP_m: 0.6469, segm_mAP_l: 0.8081, segm_mAP_copypaste: 0.7480 0.8605 0.8605 0.0000 0.6469 0.8081
2023-02-10 18:50:49,599 - mmdet - INFO - Epoch [3][10/31]	lr: 2.857e-03, eta: 0:11:30, time: 1.259, data_time: 0.714, memory: 3926, loss_rpn_cls: 0.0101, loss_rpn_bbox: 0.0140, loss_cls: 0.0611, acc: 97.6465, loss_bbox: 0.1145, loss_mask: 0.0835, loss: 0.2831
2023-02-10 18:50:55,090 - mmdet - INFO - Epoch [3][20/31]	lr: 3.257e-03, eta: 0:10:41, time: 0.549, data_time: 0.025, memory: 3926, loss_rpn_cls: 0.0082, loss_rpn_bbox: 0.0212, loss_cls: 0.0956, acc: 96.2988, loss_bbox: 0.1577, loss_mask: 0.1021, loss: 0.3848
2023-02-10 18:51:00,259 - mmdet - INFO - Epoch [3][30/31]	lr: 3.656e-03, eta: 0:09:59, time: 0.517, data_time: 0.017, memory: 3926, loss_rpn_cls: 0.0029, loss_rpn_bbox: 0.0072, loss_cls: 0.0351, acc: 98.6035, loss_bbox: 0.0464, loss_mask: 0.0558, loss: 0.1475
2023-02-10 18:51:10,326 - mmdet - INFO - Evaluating bbox...
2023-02-10 18:51:10,355 - mmdet - INFO - 
 Average Precision  (AP) @[ IoU=0.50:0.95 | area=   all | maxDets=100 ] = 0.688
 Average Precision  (AP) @[ IoU=0.50      | area=   all | maxDets=1000 ] = 0.850
 Average Precision  (AP) @[ IoU=0.75      | area=   all | maxDets=1000 ] = 0.807
 Average Precision  (AP) @[ IoU=0.50:0.95 | area= small | maxDets=1000 ] = 0.000
 Average Precision  (AP) @[ IoU=0.50:0.95 | area=medium | maxDets=1000 ] = 0.587
 Average Precision  (AP) @[ IoU=0.50:0.95 | area= large | maxDets=1000 ] = 0.748
 Average Recall     (AR) @[ IoU=0.50:0.95 | area=   all | maxDets=100 ] = 0.734
 Average Recall     (AR) @[ IoU=0.50:0.95 | area=   all | maxDets=300 ] = 0.734
 Average Recall     (AR) @[ IoU=0.50:0.95 | area=   all | maxDets=1000 ] = 0.734
 Average Recall     (AR) @[ IoU=0.50:0.95 | area= small | maxDets=1000 ] = 0.000
 Average Recall     (AR) @[ IoU=0.50:0.95 | area=medium | maxDets=1000 ] = 0.683
 Average Recall     (AR) @[ IoU=0.50:0.95 | area= large | maxDets=1000 ] = 0.792

2023-02-10 18:51:10,360 - mmdet - INFO - Evaluating segm...
2023-02-10 18:51:10,397 - mmdet - INFO - 
 Average Precision  (AP) @[ IoU=0.50:0.95 | area=   all | maxDets=100 ] = 0.767
 Average Precision  (AP) @[ IoU=0.50      | area=   all | maxDets=1000 ] = 0.850
 Average Precision  (AP) @[ IoU=0.75      | area=   all | maxDets=1000 ] = 0.850
 Average Precision  (AP) @[ IoU=0.50:0.95 | area= small | maxDets=1000 ] = 0.000
 Average Precision  (AP) @[ IoU=0.50:0.95 | area=medium | maxDets=1000 ] = 0.682
 Average Precision  (AP) @[ IoU=0.50:0.95 | area= large | maxDets=1000 ] = 0.828
 Average Recall     (AR) @[ IoU=0.50:0.95 | area=   all | maxDets=100 ] = 0.802
 Average Recall     (AR) @[ IoU=0.50:0.95 | area=   all | maxDets=300 ] = 0.802
 Average Recall     (AR) @[ IoU=0.50:0.95 | area=   all | maxDets=1000 ] = 0.802
 Average Recall     (AR) @[ IoU=0.50:0.95 | area= small | maxDets=1000 ] = 0.000
 Average Recall     (AR) @[ IoU=0.50:0.95 | area=medium | maxDets=1000 ] = 0.767
 Average Recall     (AR) @[ IoU=0.50:0.95 | area= large | maxDets=1000 ] = 0.858

2023-02-10 18:51:10,399 - mmdet - INFO - Exp name: mask_rcnn_r50_fpn_balloon.py
2023-02-10 18:51:10,399 - mmdet - INFO - Epoch(val) [3][13]	bbox_mAP: 0.6876, bbox_mAP_50: 0.8499, bbox_mAP_75: 0.8072, bbox_mAP_s: 0.0000, bbox_mAP_m: 0.5875, bbox_mAP_l: 0.7476, bbox_mAP_copypaste: 0.6876 0.8499 0.8072 0.0000 0.5875 0.7476, segm_mAP: 0.7675, segm_mAP_50: 0.8499, segm_mAP_75: 0.8499, segm_mAP_s: 0.0000, segm_mAP_m: 0.6822, segm_mAP_l: 0.8276, segm_mAP_copypaste: 0.7675 0.8499 0.8499 0.0000 0.6822 0.8276
2023-02-10 18:51:25,069 - mmdet - INFO - Epoch [4][10/31]	lr: 4.096e-03, eta: 0:10:17, time: 1.458, data_time: 0.879, memory: 3926, loss_rpn_cls: 0.0060, loss_rpn_bbox: 0.0163, loss_cls: 0.0688, acc: 97.2754, loss_bbox: 0.1104, loss_mask: 0.1052, loss: 0.3066
2023-02-10 18:51:30,264 - mmdet - INFO - Epoch [4][20/31]	lr: 4.496e-03, eta: 0:09:43, time: 0.520, data_time: 0.022, memory: 3926, loss_rpn_cls: 0.0061, loss_rpn_bbox: 0.0157, loss_cls: 0.0621, acc: 97.6172, loss_bbox: 0.1029, loss_mask: 0.0861, loss: 0.2729
2023-02-10 18:51:35,642 - mmdet - INFO - Epoch [4][30/31]	lr: 4.895e-03, eta: 0:09:14, time: 0.538, data_time: 0.019, memory: 3926, loss_rpn_cls: 0.0037, loss_rpn_bbox: 0.0140, loss_cls: 0.0450, acc: 98.3008, loss_bbox: 0.0779, loss_mask: 0.0669, loss: 0.2075
2023-02-10 18:51:36,423 - mmdet - INFO - Saving checkpoint at 4 epochs
2023-02-10 18:51:49,896 - mmdet - INFO - Evaluating bbox...
2023-02-10 18:51:49,918 - mmdet - INFO - 
 Average Precision  (AP) @[ IoU=0.50:0.95 | area=   all | maxDets=100 ] = 0.717
 Average Precision  (AP) @[ IoU=0.50      | area=   all | maxDets=1000 ] = 0.888
 Average Precision  (AP) @[ IoU=0.75      | area=   all | maxDets=1000 ] = 0.877
 Average Precision  (AP) @[ IoU=0.50:0.95 | area= small | maxDets=1000 ] = 0.303
 Average Precision  (AP) @[ IoU=0.50:0.95 | area=medium | maxDets=1000 ] = 0.678
 Average Precision  (AP) @[ IoU=0.50:0.95 | area= large | maxDets=1000 ] = 0.759
 Average Recall     (AR) @[ IoU=0.50:0.95 | area=   all | maxDets=100 ] = 0.780
 Average Recall     (AR) @[ IoU=0.50:0.95 | area=   all | maxDets=300 ] = 0.780
 Average Recall     (AR) @[ IoU=0.50:0.95 | area=   all | maxDets=1000 ] = 0.780
 Average Recall     (AR) @[ IoU=0.50:0.95 | area= small | maxDets=1000 ] = 0.300
 Average Recall     (AR) @[ IoU=0.50:0.95 | area=medium | maxDets=1000 ] = 0.725
 Average Recall     (AR) @[ IoU=0.50:0.95 | area= large | maxDets=1000 ] = 0.825

2023-02-10 18:51:49,919 - mmdet - INFO - Evaluating segm...
2023-02-10 18:51:49,968 - mmdet - INFO - 
 Average Precision  (AP) @[ IoU=0.50:0.95 | area=   all | maxDets=100 ] = 0.788
 Average Precision  (AP) @[ IoU=0.50      | area=   all | maxDets=1000 ] = 0.888
 Average Precision  (AP) @[ IoU=0.75      | area=   all | maxDets=1000 ] = 0.868
 Average Precision  (AP) @[ IoU=0.50:0.95 | area= small | maxDets=1000 ] = 0.353
 Average Precision  (AP) @[ IoU=0.50:0.95 | area=medium | maxDets=1000 ] = 0.684
 Average Precision  (AP) @[ IoU=0.50:0.95 | area= large | maxDets=1000 ] = 0.852
 Average Recall     (AR) @[ IoU=0.50:0.95 | area=   all | maxDets=100 ] = 0.846
 Average Recall     (AR) @[ IoU=0.50:0.95 | area=   all | maxDets=300 ] = 0.846
 Average Recall     (AR) @[ IoU=0.50:0.95 | area=   all | maxDets=1000 ] = 0.846
 Average Recall     (AR) @[ IoU=0.50:0.95 | area= small | maxDets=1000 ] = 0.350
 Average Recall     (AR) @[ IoU=0.50:0.95 | area=medium | maxDets=1000 ] = 0.775
 Average Recall     (AR) @[ IoU=0.50:0.95 | area= large | maxDets=1000 ] = 0.897

2023-02-10 18:51:49,977 - mmdet - INFO - Exp name: mask_rcnn_r50_fpn_balloon.py
2023-02-10 18:51:49,977 - mmdet - INFO - Epoch(val) [4][13]	bbox_mAP: 0.7166, bbox_mAP_50: 0.8878, bbox_mAP_75: 0.8769, bbox_mAP_s: 0.3030, bbox_mAP_m: 0.6780, bbox_mAP_l: 0.7595, bbox_mAP_copypaste: 0.7166 0.8878 0.8769 0.3030 0.6780 0.7595, segm_mAP: 0.7878, segm_mAP_50: 0.8878, segm_mAP_75: 0.8680, segm_mAP_s: 0.3535, segm_mAP_m: 0.6842, segm_mAP_l: 0.8523, segm_mAP_copypaste: 0.7878 0.8878 0.8680 0.3535 0.6842 0.8523
2023-02-10 18:52:04,559 - mmdet - INFO - Epoch [5][10/31]	lr: 5.335e-03, eta: 0:09:25, time: 1.453, data_time: 0.801, memory: 3926, loss_rpn_cls: 0.0024, loss_rpn_bbox: 0.0118, loss_cls: 0.0520, acc: 98.0273, loss_bbox: 0.0876, loss_mask: 0.0690, loss: 0.2227
2023-02-10 18:52:09,717 - mmdet - INFO - Epoch [5][20/31]	lr: 5.734e-03, eta: 0:08:59, time: 0.513, data_time: 0.020, memory: 3926, loss_rpn_cls: 0.0029, loss_rpn_bbox: 0.0159, loss_cls: 0.0570, acc: 97.7344, loss_bbox: 0.1203, loss_mask: 0.1016, loss: 0.2976
2023-02-10 18:52:15,502 - mmdet - INFO - Epoch [5][30/31]	lr: 6.134e-03, eta: 0:08:38, time: 0.578, data_time: 0.017, memory: 3926, loss_rpn_cls: 0.0051, loss_rpn_bbox: 0.0143, loss_cls: 0.0530, acc: 97.9102, loss_bbox: 0.1062, loss_mask: 0.1034, loss: 0.2820
2023-02-10 18:52:25,103 - mmdet - INFO - Evaluating bbox...
2023-02-10 18:52:25,125 - mmdet - INFO - 
 Average Precision  (AP) @[ IoU=0.50:0.95 | area=   all | maxDets=100 ] = 0.674
 Average Precision  (AP) @[ IoU=0.50      | area=   all | maxDets=1000 ] = 0.890
 Average Precision  (AP) @[ IoU=0.75      | area=   all | maxDets=1000 ] = 0.873
 Average Precision  (AP) @[ IoU=0.50:0.95 | area= small | maxDets=1000 ] = 0.353
 Average Precision  (AP) @[ IoU=0.50:0.95 | area=medium | maxDets=1000 ] = 0.572
 Average Precision  (AP) @[ IoU=0.50:0.95 | area= large | maxDets=1000 ] = 0.728
 Average Recall     (AR) @[ IoU=0.50:0.95 | area=   all | maxDets=100 ] = 0.738
 Average Recall     (AR) @[ IoU=0.50:0.95 | area=   all | maxDets=300 ] = 0.738
 Average Recall     (AR) @[ IoU=0.50:0.95 | area=   all | maxDets=1000 ] = 0.738
 Average Recall     (AR) @[ IoU=0.50:0.95 | area= small | maxDets=1000 ] = 0.350
 Average Recall     (AR) @[ IoU=0.50:0.95 | area=medium | maxDets=1000 ] = 0.683
 Average Recall     (AR) @[ IoU=0.50:0.95 | area= large | maxDets=1000 ] = 0.778

2023-02-10 18:52:25,126 - mmdet - INFO - Evaluating segm...
2023-02-10 18:52:25,151 - mmdet - INFO - 
 Average Precision  (AP) @[ IoU=0.50:0.95 | area=   all | maxDets=100 ] = 0.779
 Average Precision  (AP) @[ IoU=0.50      | area=   all | maxDets=1000 ] = 0.893
 Average Precision  (AP) @[ IoU=0.75      | area=   all | maxDets=1000 ] = 0.890
 Average Precision  (AP) @[ IoU=0.50:0.95 | area= small | maxDets=1000 ] = 0.353
 Average Precision  (AP) @[ IoU=0.50:0.95 | area=medium | maxDets=1000 ] = 0.627
 Average Precision  (AP) @[ IoU=0.50:0.95 | area= large | maxDets=1000 ] = 0.856
 Average Recall     (AR) @[ IoU=0.50:0.95 | area=   all | maxDets=100 ] = 0.828
 Average Recall     (AR) @[ IoU=0.50:0.95 | area=   all | maxDets=300 ] = 0.828
 Average Recall     (AR) @[ IoU=0.50:0.95 | area=   all | maxDets=1000 ] = 0.828
 Average Recall     (AR) @[ IoU=0.50:0.95 | area= small | maxDets=1000 ] = 0.350
 Average Recall     (AR) @[ IoU=0.50:0.95 | area=medium | maxDets=1000 ] = 0.725
 Average Recall     (AR) @[ IoU=0.50:0.95 | area= large | maxDets=1000 ] = 0.889

2023-02-10 18:52:25,153 - mmdet - INFO - Exp name: mask_rcnn_r50_fpn_balloon.py
2023-02-10 18:52:25,154 - mmdet - INFO - Epoch(val) [5][13]	bbox_mAP: 0.6744, bbox_mAP_50: 0.8899, bbox_mAP_75: 0.8729, bbox_mAP_s: 0.3535, bbox_mAP_m: 0.5720, bbox_mAP_l: 0.7283, bbox_mAP_copypaste: 0.6744 0.8899 0.8729 0.3535 0.5720 0.7283, segm_mAP: 0.7790, segm_mAP_50: 0.8928, segm_mAP_75: 0.8899, segm_mAP_s: 0.3535, segm_mAP_m: 0.6272, segm_mAP_l: 0.8563, segm_mAP_copypaste: 0.7790 0.8928 0.8899 0.3535 0.6272 0.8563
2023-02-10 18:52:37,493 - mmdet - INFO - Epoch [6][10/31]	lr: 6.573e-03, eta: 0:08:37, time: 1.227, data_time: 0.712, memory: 3926, loss_rpn_cls: 0.0014, loss_rpn_bbox: 0.0091, loss_cls: 0.0393, acc: 98.5938, loss_bbox: 0.0737, loss_mask: 0.0746, loss: 0.1982
2023-02-10 18:52:42,800 - mmdet - INFO - Epoch [6][20/31]	lr: 6.973e-03, eta: 0:08:16, time: 0.530, data_time: 0.022, memory: 3926, loss_rpn_cls: 0.0041, loss_rpn_bbox: 0.0205, loss_cls: 0.0726, acc: 97.0508, loss_bbox: 0.1446, loss_mask: 0.1041, loss: 0.3458
2023-02-10 18:52:48,480 - mmdet - INFO - Epoch [6][30/31]	lr: 7.373e-03, eta: 0:07:58, time: 0.567, data_time: 0.024, memory: 3926, loss_rpn_cls: 0.0038, loss_rpn_bbox: 0.0153, loss_cls: 0.0721, acc: 97.3047, loss_bbox: 0.1304, loss_mask: 0.1097, loss: 0.3313
2023-02-10 18:52:57,193 - mmdet - INFO - Evaluating bbox...
2023-02-10 18:52:57,218 - mmdet - INFO - 
 Average Precision  (AP) @[ IoU=0.50:0.95 | area=   all | maxDets=100 ] = 0.716
 Average Precision  (AP) @[ IoU=0.50      | area=   all | maxDets=1000 ] = 0.883
 Average Precision  (AP) @[ IoU=0.75      | area=   all | maxDets=1000 ] = 0.861
 Average Precision  (AP) @[ IoU=0.50:0.95 | area= small | maxDets=1000 ] = 0.303
 Average Precision  (AP) @[ IoU=0.50:0.95 | area=medium | maxDets=1000 ] = 0.553
 Average Precision  (AP) @[ IoU=0.50:0.95 | area= large | maxDets=1000 ] = 0.777
 Average Recall     (AR) @[ IoU=0.50:0.95 | area=   all | maxDets=100 ] = 0.770
 Average Recall     (AR) @[ IoU=0.50:0.95 | area=   all | maxDets=300 ] = 0.770
 Average Recall     (AR) @[ IoU=0.50:0.95 | area=   all | maxDets=1000 ] = 0.770
 Average Recall     (AR) @[ IoU=0.50:0.95 | area= small | maxDets=1000 ] = 0.300
 Average Recall     (AR) @[ IoU=0.50:0.95 | area=medium | maxDets=1000 ] = 0.700
 Average Recall     (AR) @[ IoU=0.50:0.95 | area= large | maxDets=1000 ] = 0.819

2023-02-10 18:52:57,218 - mmdet - INFO - Evaluating segm...
2023-02-10 18:52:57,248 - mmdet - INFO - 
 Average Precision  (AP) @[ IoU=0.50:0.95 | area=   all | maxDets=100 ] = 0.772
 Average Precision  (AP) @[ IoU=0.50      | area=   all | maxDets=1000 ] = 0.885
 Average Precision  (AP) @[ IoU=0.75      | area=   all | maxDets=1000 ] = 0.862
 Average Precision  (AP) @[ IoU=0.50:0.95 | area= small | maxDets=1000 ] = 0.353
 Average Precision  (AP) @[ IoU=0.50:0.95 | area=medium | maxDets=1000 ] = 0.578
 Average Precision  (AP) @[ IoU=0.50:0.95 | area= large | maxDets=1000 ] = 0.848
 Average Recall     (AR) @[ IoU=0.50:0.95 | area=   all | maxDets=100 ] = 0.820
 Average Recall     (AR) @[ IoU=0.50:0.95 | area=   all | maxDets=300 ] = 0.820
 Average Recall     (AR) @[ IoU=0.50:0.95 | area=   all | maxDets=1000 ] = 0.820
 Average Recall     (AR) @[ IoU=0.50:0.95 | area= small | maxDets=1000 ] = 0.350
 Average Recall     (AR) @[ IoU=0.50:0.95 | area=medium | maxDets=1000 ] = 0.725
 Average Recall     (AR) @[ IoU=0.50:0.95 | area= large | maxDets=1000 ] = 0.878

2023-02-10 18:52:57,250 - mmdet - INFO - Exp name: mask_rcnn_r50_fpn_balloon.py
2023-02-10 18:52:57,250 - mmdet - INFO - Epoch(val) [6][13]	bbox_mAP: 0.7156, bbox_mAP_50: 0.8833, bbox_mAP_75: 0.8613, bbox_mAP_s: 0.3030, bbox_mAP_m: 0.5531, bbox_mAP_l: 0.7767, bbox_mAP_copypaste: 0.7156 0.8833 0.8613 0.3030 0.5531 0.7767, segm_mAP: 0.7723, segm_mAP_50: 0.8848, segm_mAP_75: 0.8622, segm_mAP_s: 0.3535, segm_mAP_m: 0.5780, segm_mAP_l: 0.8475, segm_mAP_copypaste: 0.7723 0.8848 0.8622 0.3535 0.5780 0.8475
2023-02-10 18:53:11,185 - mmdet - INFO - Epoch [7][10/31]	lr: 7.812e-03, eta: 0:08:01, time: 1.385, data_time: 0.731, memory: 3926, loss_rpn_cls: 0.0072, loss_rpn_bbox: 0.0185, loss_cls: 0.0824, acc: 96.7969, loss_bbox: 0.1215, loss_mask: 0.1406, loss: 0.3702
2023-02-10 18:53:16,117 - mmdet - INFO - Epoch [7][20/31]	lr: 8.212e-03, eta: 0:07:42, time: 0.493, data_time: 0.016, memory: 3926, loss_rpn_cls: 0.0048, loss_rpn_bbox: 0.0110, loss_cls: 0.0664, acc: 97.4414, loss_bbox: 0.0912, loss_mask: 0.1352, loss: 0.3086
2023-02-10 18:53:21,810 - mmdet - INFO - Epoch [7][30/31]	lr: 8.611e-03, eta: 0:07:27, time: 0.569, data_time: 0.022, memory: 3926, loss_rpn_cls: 0.0067, loss_rpn_bbox: 0.0143, loss_cls: 0.0857, acc: 96.6113, loss_bbox: 0.1088, loss_mask: 0.1227, loss: 0.3382
2023-02-10 18:53:31,105 - mmdet - INFO - Evaluating bbox...
2023-02-10 18:53:31,160 - mmdet - INFO - 
 Average Precision  (AP) @[ IoU=0.50:0.95 | area=   all | maxDets=100 ] = 0.636
 Average Precision  (AP) @[ IoU=0.50      | area=   all | maxDets=1000 ] = 0.776
 Average Precision  (AP) @[ IoU=0.75      | area=   all | maxDets=1000 ] = 0.723
 Average Precision  (AP) @[ IoU=0.50:0.95 | area= small | maxDets=1000 ] = 0.101
 Average Precision  (AP) @[ IoU=0.50:0.95 | area=medium | maxDets=1000 ] = 0.483
 Average Precision  (AP) @[ IoU=0.50:0.95 | area= large | maxDets=1000 ] = 0.724
 Average Recall     (AR) @[ IoU=0.50:0.95 | area=   all | maxDets=100 ] = 0.738
 Average Recall     (AR) @[ IoU=0.50:0.95 | area=   all | maxDets=300 ] = 0.738
 Average Recall     (AR) @[ IoU=0.50:0.95 | area=   all | maxDets=1000 ] = 0.738
 Average Recall     (AR) @[ IoU=0.50:0.95 | area= small | maxDets=1000 ] = 0.100
 Average Recall     (AR) @[ IoU=0.50:0.95 | area=medium | maxDets=1000 ] = 0.592
 Average Recall     (AR) @[ IoU=0.50:0.95 | area= large | maxDets=1000 ] = 0.822

2023-02-10 18:53:31,162 - mmdet - INFO - Evaluating segm...
2023-02-10 18:53:31,215 - mmdet - INFO - 
 Average Precision  (AP) @[ IoU=0.50:0.95 | area=   all | maxDets=100 ] = 0.673
 Average Precision  (AP) @[ IoU=0.50      | area=   all | maxDets=1000 ] = 0.781
 Average Precision  (AP) @[ IoU=0.75      | area=   all | maxDets=1000 ] = 0.731
 Average Precision  (AP) @[ IoU=0.50:0.95 | area= small | maxDets=1000 ] = 0.252
 Average Precision  (AP) @[ IoU=0.50:0.95 | area=medium | maxDets=1000 ] = 0.504
 Average Precision  (AP) @[ IoU=0.50:0.95 | area= large | maxDets=1000 ] = 0.759
 Average Recall     (AR) @[ IoU=0.50:0.95 | area=   all | maxDets=100 ] = 0.780
 Average Recall     (AR) @[ IoU=0.50:0.95 | area=   all | maxDets=300 ] = 0.780
 Average Recall     (AR) @[ IoU=0.50:0.95 | area=   all | maxDets=1000 ] = 0.780
 Average Recall     (AR) @[ IoU=0.50:0.95 | area= small | maxDets=1000 ] = 0.250
 Average Recall     (AR) @[ IoU=0.50:0.95 | area=medium | maxDets=1000 ] = 0.642
 Average Recall     (AR) @[ IoU=0.50:0.95 | area= large | maxDets=1000 ] = 0.856

2023-02-10 18:53:31,220 - mmdet - INFO - Exp name: mask_rcnn_r50_fpn_balloon.py
2023-02-10 18:53:31,220 - mmdet - INFO - Epoch(val) [7][13]	bbox_mAP: 0.6365, bbox_mAP_50: 0.7756, bbox_mAP_75: 0.7232, bbox_mAP_s: 0.1010, bbox_mAP_m: 0.4830, bbox_mAP_l: 0.7242, bbox_mAP_copypaste: 0.6365 0.7756 0.7232 0.1010 0.4830 0.7242, segm_mAP: 0.6730, segm_mAP_50: 0.7806, segm_mAP_75: 0.7311, segm_mAP_s: 0.2525, segm_mAP_m: 0.5038, segm_mAP_l: 0.7591, segm_mAP_copypaste: 0.6730 0.7806 0.7311 0.2525 0.5038 0.7591
2023-02-10 18:53:44,446 - mmdet - INFO - Epoch [8][10/31]	lr: 9.051e-03, eta: 0:07:26, time: 1.313, data_time: 0.745, memory: 3926, loss_rpn_cls: 0.0087, loss_rpn_bbox: 0.0179, loss_cls: 0.1171, acc: 95.1367, loss_bbox: 0.1540, loss_mask: 0.1195, loss: 0.4172
2023-02-10 18:53:49,672 - mmdet - INFO - Epoch [8][20/31]	lr: 9.451e-03, eta: 0:07:10, time: 0.523, data_time: 0.021, memory: 3926, loss_rpn_cls: 0.0043, loss_rpn_bbox: 0.0127, loss_cls: 0.0553, acc: 97.8711, loss_bbox: 0.0954, loss_mask: 0.0779, loss: 0.2456
2023-02-10 18:53:55,138 - mmdet - INFO - Epoch [8][30/31]	lr: 9.850e-03, eta: 0:06:56, time: 0.548, data_time: 0.021, memory: 3926, loss_rpn_cls: 0.0104, loss_rpn_bbox: 0.0200, loss_cls: 0.1080, acc: 95.8301, loss_bbox: 0.1256, loss_mask: 0.1300, loss: 0.3940
2023-02-10 18:53:56,033 - mmdet - INFO - Saving checkpoint at 8 epochs
2023-02-10 18:54:06,342 - mmdet - INFO - Evaluating bbox...
2023-02-10 18:54:06,645 - mmdet - INFO - 
 Average Precision  (AP) @[ IoU=0.50:0.95 | area=   all | maxDets=100 ] = 0.649
 Average Precision  (AP) @[ IoU=0.50      | area=   all | maxDets=1000 ] = 0.863
 Average Precision  (AP) @[ IoU=0.75      | area=   all | maxDets=1000 ] = 0.801
 Average Precision  (AP) @[ IoU=0.50:0.95 | area= small | maxDets=1000 ] = 0.063
 Average Precision  (AP) @[ IoU=0.50:0.95 | area=medium | maxDets=1000 ] = 0.523
 Average Precision  (AP) @[ IoU=0.50:0.95 | area= large | maxDets=1000 ] = 0.710
 Average Recall     (AR) @[ IoU=0.50:0.95 | area=   all | maxDets=100 ] = 0.722
 Average Recall     (AR) @[ IoU=0.50:0.95 | area=   all | maxDets=300 ] = 0.722
 Average Recall     (AR) @[ IoU=0.50:0.95 | area=   all | maxDets=1000 ] = 0.722
 Average Recall     (AR) @[ IoU=0.50:0.95 | area= small | maxDets=1000 ] = 0.250
 Average Recall     (AR) @[ IoU=0.50:0.95 | area=medium | maxDets=1000 ] = 0.683
 Average Recall     (AR) @[ IoU=0.50:0.95 | area= large | maxDets=1000 ] = 0.761

2023-02-10 18:54:06,646 - mmdet - INFO - Evaluating segm...
2023-02-10 18:54:06,680 - mmdet - INFO - 
 Average Precision  (AP) @[ IoU=0.50:0.95 | area=   all | maxDets=100 ] = 0.717
 Average Precision  (AP) @[ IoU=0.50      | area=   all | maxDets=1000 ] = 0.861
 Average Precision  (AP) @[ IoU=0.75      | area=   all | maxDets=1000 ] = 0.819
 Average Precision  (AP) @[ IoU=0.50:0.95 | area= small | maxDets=1000 ] = 0.076
 Average Precision  (AP) @[ IoU=0.50:0.95 | area=medium | maxDets=1000 ] = 0.554
 Average Precision  (AP) @[ IoU=0.50:0.95 | area= large | maxDets=1000 ] = 0.783
 Average Recall     (AR) @[ IoU=0.50:0.95 | area=   all | maxDets=100 ] = 0.768
 Average Recall     (AR) @[ IoU=0.50:0.95 | area=   all | maxDets=300 ] = 0.768
 Average Recall     (AR) @[ IoU=0.50:0.95 | area=   all | maxDets=1000 ] = 0.768
 Average Recall     (AR) @[ IoU=0.50:0.95 | area= small | maxDets=1000 ] = 0.300
 Average Recall     (AR) @[ IoU=0.50:0.95 | area=medium | maxDets=1000 ] = 0.708
 Average Recall     (AR) @[ IoU=0.50:0.95 | area= large | maxDets=1000 ] = 0.814

2023-02-10 18:54:06,683 - mmdet - INFO - Exp name: mask_rcnn_r50_fpn_balloon.py
2023-02-10 18:54:06,683 - mmdet - INFO - Epoch(val) [8][13]	bbox_mAP: 0.6494, bbox_mAP_50: 0.8629, bbox_mAP_75: 0.8009, bbox_mAP_s: 0.0631, bbox_mAP_m: 0.5233, bbox_mAP_l: 0.7096, bbox_mAP_copypaste: 0.6494 0.8629 0.8009 0.0631 0.5233 0.7096, segm_mAP: 0.7166, segm_mAP_50: 0.8612, segm_mAP_75: 0.8191, segm_mAP_s: 0.0757, segm_mAP_m: 0.5537, segm_mAP_l: 0.7832, segm_mAP_copypaste: 0.7166 0.8612 0.8191 0.0757 0.5537 0.7832
2023-02-10 18:54:20,028 - mmdet - INFO - Epoch [9][10/31]	lr: 1.029e-02, eta: 0:06:54, time: 1.327, data_time: 0.793, memory: 3926, loss_rpn_cls: 0.0128, loss_rpn_bbox: 0.0181, loss_cls: 0.1108, acc: 95.4492, loss_bbox: 0.1207, loss_mask: 0.1370, loss: 0.3994
2023-02-10 18:54:25,553 - mmdet - INFO - Epoch [9][20/31]	lr: 1.069e-02, eta: 0:06:40, time: 0.551, data_time: 0.025, memory: 3926, loss_rpn_cls: 0.0156, loss_rpn_bbox: 0.0279, loss_cls: 0.1042, acc: 95.6738, loss_bbox: 0.1280, loss_mask: 0.0950, loss: 0.3707
2023-02-10 18:54:31,132 - mmdet - INFO - Epoch [9][30/31]	lr: 1.109e-02, eta: 0:06:27, time: 0.559, data_time: 0.020, memory: 3926, loss_rpn_cls: 0.0075, loss_rpn_bbox: 0.0128, loss_cls: 0.0808, acc: 96.9434, loss_bbox: 0.1157, loss_mask: 0.0821, loss: 0.2989
2023-02-10 18:54:39,861 - mmdet - INFO - Evaluating bbox...
2023-02-10 18:54:39,899 - mmdet - INFO - 
 Average Precision  (AP) @[ IoU=0.50:0.95 | area=   all | maxDets=100 ] = 0.619
 Average Precision  (AP) @[ IoU=0.50      | area=   all | maxDets=1000 ] = 0.789
 Average Precision  (AP) @[ IoU=0.75      | area=   all | maxDets=1000 ] = 0.703
 Average Precision  (AP) @[ IoU=0.50:0.95 | area= small | maxDets=1000 ] = 0.000
 Average Precision  (AP) @[ IoU=0.50:0.95 | area=medium | maxDets=1000 ] = 0.464
 Average Precision  (AP) @[ IoU=0.50:0.95 | area= large | maxDets=1000 ] = 0.691
 Average Recall     (AR) @[ IoU=0.50:0.95 | area=   all | maxDets=100 ] = 0.684
 Average Recall     (AR) @[ IoU=0.50:0.95 | area=   all | maxDets=300 ] = 0.684
 Average Recall     (AR) @[ IoU=0.50:0.95 | area=   all | maxDets=1000 ] = 0.684
 Average Recall     (AR) @[ IoU=0.50:0.95 | area= small | maxDets=1000 ] = 0.000
 Average Recall     (AR) @[ IoU=0.50:0.95 | area=medium | maxDets=1000 ] = 0.592
 Average Recall     (AR) @[ IoU=0.50:0.95 | area= large | maxDets=1000 ] = 0.753

2023-02-10 18:54:39,906 - mmdet - INFO - Evaluating segm...
2023-02-10 18:54:39,952 - mmdet - INFO - 
 Average Precision  (AP) @[ IoU=0.50:0.95 | area=   all | maxDets=100 ] = 0.709
 Average Precision  (AP) @[ IoU=0.50      | area=   all | maxDets=1000 ] = 0.789
 Average Precision  (AP) @[ IoU=0.75      | area=   all | maxDets=1000 ] = 0.789
 Average Precision  (AP) @[ IoU=0.50:0.95 | area= small | maxDets=1000 ] = 0.000
 Average Precision  (AP) @[ IoU=0.50:0.95 | area=medium | maxDets=1000 ] = 0.540
 Average Precision  (AP) @[ IoU=0.50:0.95 | area= large | maxDets=1000 ] = 0.791
 Average Recall     (AR) @[ IoU=0.50:0.95 | area=   all | maxDets=100 ] = 0.756
 Average Recall     (AR) @[ IoU=0.50:0.95 | area=   all | maxDets=300 ] = 0.756
 Average Recall     (AR) @[ IoU=0.50:0.95 | area=   all | maxDets=1000 ] = 0.756
 Average Recall     (AR) @[ IoU=0.50:0.95 | area= small | maxDets=1000 ] = 0.000
 Average Recall     (AR) @[ IoU=0.50:0.95 | area=medium | maxDets=1000 ] = 0.667
 Average Recall     (AR) @[ IoU=0.50:0.95 | area= large | maxDets=1000 ] = 0.828

2023-02-10 18:54:39,957 - mmdet - INFO - Exp name: mask_rcnn_r50_fpn_balloon.py
2023-02-10 18:54:39,957 - mmdet - INFO - Epoch(val) [9][13]	bbox_mAP: 0.6192, bbox_mAP_50: 0.7892, bbox_mAP_75: 0.7027, bbox_mAP_s: 0.0000, bbox_mAP_m: 0.4640, bbox_mAP_l: 0.6915, bbox_mAP_copypaste: 0.6192 0.7892 0.7027 0.0000 0.4640 0.6915, segm_mAP: 0.7090, segm_mAP_50: 0.7892, segm_mAP_75: 0.7892, segm_mAP_s: 0.0000, segm_mAP_m: 0.5405, segm_mAP_l: 0.7908, segm_mAP_copypaste: 0.7090 0.7892 0.7892 0.0000 0.5405 0.7908
2023-02-10 18:54:53,162 - mmdet - INFO - Epoch [10][10/31]	lr: 1.153e-02, eta: 0:06:24, time: 1.312, data_time: 0.752, memory: 3926, loss_rpn_cls: 0.0032, loss_rpn_bbox: 0.0147, loss_cls: 0.0567, acc: 97.7148, loss_bbox: 0.1121, loss_mask: 0.0853, loss: 0.2720
2023-02-10 18:54:58,671 - mmdet - INFO - Epoch [10][20/31]	lr: 1.193e-02, eta: 0:06:11, time: 0.551, data_time: 0.020, memory: 3926, loss_rpn_cls: 0.0029, loss_rpn_bbox: 0.0137, loss_cls: 0.0520, acc: 97.8613, loss_bbox: 0.1065, loss_mask: 0.0731, loss: 0.2482
2023-02-10 18:55:04,184 - mmdet - INFO - Epoch [10][30/31]	lr: 1.233e-02, eta: 0:05:59, time: 0.552, data_time: 0.023, memory: 3926, loss_rpn_cls: 0.0032, loss_rpn_bbox: 0.0211, loss_cls: 0.0522, acc: 97.7637, loss_bbox: 0.1069, loss_mask: 0.0747, loss: 0.2581
2023-02-10 18:55:13,853 - mmdet - INFO - Evaluating bbox...
2023-02-10 18:55:13,901 - mmdet - INFO - 
 Average Precision  (AP) @[ IoU=0.50:0.95 | area=   all | maxDets=100 ] = 0.628
 Average Precision  (AP) @[ IoU=0.50      | area=   all | maxDets=1000 ] = 0.787
 Average Precision  (AP) @[ IoU=0.75      | area=   all | maxDets=1000 ] = 0.758
 Average Precision  (AP) @[ IoU=0.50:0.95 | area= small | maxDets=1000 ] = 0.000
 Average Precision  (AP) @[ IoU=0.50:0.95 | area=medium | maxDets=1000 ] = 0.376
 Average Precision  (AP) @[ IoU=0.50:0.95 | area= large | maxDets=1000 ] = 0.726
 Average Recall     (AR) @[ IoU=0.50:0.95 | area=   all | maxDets=100 ] = 0.698
 Average Recall     (AR) @[ IoU=0.50:0.95 | area=   all | maxDets=300 ] = 0.698
 Average Recall     (AR) @[ IoU=0.50:0.95 | area=   all | maxDets=1000 ] = 0.698
 Average Recall     (AR) @[ IoU=0.50:0.95 | area= small | maxDets=1000 ] = 0.000
 Average Recall     (AR) @[ IoU=0.50:0.95 | area=medium | maxDets=1000 ] = 0.575
 Average Recall     (AR) @[ IoU=0.50:0.95 | area= large | maxDets=1000 ] = 0.778

2023-02-10 18:55:13,903 - mmdet - INFO - Evaluating segm...
2023-02-10 18:55:13,954 - mmdet - INFO - 
 Average Precision  (AP) @[ IoU=0.50:0.95 | area=   all | maxDets=100 ] = 0.687
 Average Precision  (AP) @[ IoU=0.50      | area=   all | maxDets=1000 ] = 0.787
 Average Precision  (AP) @[ IoU=0.75      | area=   all | maxDets=1000 ] = 0.750
 Average Precision  (AP) @[ IoU=0.50:0.95 | area= small | maxDets=1000 ] = 0.000
 Average Precision  (AP) @[ IoU=0.50:0.95 | area=medium | maxDets=1000 ] = 0.378
 Average Precision  (AP) @[ IoU=0.50:0.95 | area= large | maxDets=1000 ] = 0.802
 Average Recall     (AR) @[ IoU=0.50:0.95 | area=   all | maxDets=100 ] = 0.762
 Average Recall     (AR) @[ IoU=0.50:0.95 | area=   all | maxDets=300 ] = 0.762
 Average Recall     (AR) @[ IoU=0.50:0.95 | area=   all | maxDets=1000 ] = 0.762
 Average Recall     (AR) @[ IoU=0.50:0.95 | area= small | maxDets=1000 ] = 0.000
 Average Recall     (AR) @[ IoU=0.50:0.95 | area=medium | maxDets=1000 ] = 0.625
 Average Recall     (AR) @[ IoU=0.50:0.95 | area= large | maxDets=1000 ] = 0.850

2023-02-10 18:55:13,959 - mmdet - INFO - Exp name: mask_rcnn_r50_fpn_balloon.py
2023-02-10 18:55:13,959 - mmdet - INFO - Epoch(val) [10][13]	bbox_mAP: 0.6282, bbox_mAP_50: 0.7870, bbox_mAP_75: 0.7580, bbox_mAP_s: 0.0000, bbox_mAP_m: 0.3761, bbox_mAP_l: 0.7257, bbox_mAP_copypaste: 0.6282 0.7870 0.7580 0.0000 0.3761 0.7257, segm_mAP: 0.6872, segm_mAP_50: 0.7870, segm_mAP_75: 0.7497, segm_mAP_s: 0.0000, segm_mAP_m: 0.3778, segm_mAP_l: 0.8018, segm_mAP_copypaste: 0.6872 0.7870 0.7497 0.0000 0.3778 0.8018
2023-02-10 18:55:27,526 - mmdet - INFO - Epoch [11][10/31]	lr: 1.277e-02, eta: 0:05:56, time: 1.348, data_time: 0.767, memory: 3926, loss_rpn_cls: 0.0037, loss_rpn_bbox: 0.0196, loss_cls: 0.0532, acc: 98.0078, loss_bbox: 0.1161, loss_mask: 0.0811, loss: 0.2737
2023-02-10 18:55:33,317 - mmdet - INFO - Epoch [11][20/31]	lr: 1.317e-02, eta: 0:05:44, time: 0.578, data_time: 0.021, memory: 3926, loss_rpn_cls: 0.0033, loss_rpn_bbox: 0.0161, loss_cls: 0.0449, acc: 98.2715, loss_bbox: 0.1052, loss_mask: 0.0769, loss: 0.2463
2023-02-10 18:55:38,530 - mmdet - INFO - Epoch [11][30/31]	lr: 1.357e-02, eta: 0:05:32, time: 0.521, data_time: 0.017, memory: 3926, loss_rpn_cls: 0.0032, loss_rpn_bbox: 0.0153, loss_cls: 0.0511, acc: 97.8516, loss_bbox: 0.1010, loss_mask: 0.0751, loss: 0.2456
2023-02-10 18:55:46,749 - mmdet - INFO - Evaluating bbox...
2023-02-10 18:55:46,772 - mmdet - INFO - 
 Average Precision  (AP) @[ IoU=0.50:0.95 | area=   all | maxDets=100 ] = 0.544
 Average Precision  (AP) @[ IoU=0.50      | area=   all | maxDets=1000 ] = 0.697
 Average Precision  (AP) @[ IoU=0.75      | area=   all | maxDets=1000 ] = 0.676
 Average Precision  (AP) @[ IoU=0.50:0.95 | area= small | maxDets=1000 ] = 0.000
 Average Precision  (AP) @[ IoU=0.50:0.95 | area=medium | maxDets=1000 ] = 0.118
 Average Precision  (AP) @[ IoU=0.50:0.95 | area= large | maxDets=1000 ] = 0.699
 Average Recall     (AR) @[ IoU=0.50:0.95 | area=   all | maxDets=100 ] = 0.618
 Average Recall     (AR) @[ IoU=0.50:0.95 | area=   all | maxDets=300 ] = 0.618
 Average Recall     (AR) @[ IoU=0.50:0.95 | area=   all | maxDets=1000 ] = 0.618
 Average Recall     (AR) @[ IoU=0.50:0.95 | area= small | maxDets=1000 ] = 0.000
 Average Recall     (AR) @[ IoU=0.50:0.95 | area=medium | maxDets=1000 ] = 0.250
 Average Recall     (AR) @[ IoU=0.50:0.95 | area= large | maxDets=1000 ] = 0.775

2023-02-10 18:55:46,773 - mmdet - INFO - Evaluating segm...
2023-02-10 18:55:46,799 - mmdet - INFO - 
 Average Precision  (AP) @[ IoU=0.50:0.95 | area=   all | maxDets=100 ] = 0.598
 Average Precision  (AP) @[ IoU=0.50      | area=   all | maxDets=1000 ] = 0.676
 Average Precision  (AP) @[ IoU=0.75      | area=   all | maxDets=1000 ] = 0.676
 Average Precision  (AP) @[ IoU=0.50:0.95 | area= small | maxDets=1000 ] = 0.000
 Average Precision  (AP) @[ IoU=0.50:0.95 | area=medium | maxDets=1000 ] = 0.125
 Average Precision  (AP) @[ IoU=0.50:0.95 | area= large | maxDets=1000 ] = 0.765
 Average Recall     (AR) @[ IoU=0.50:0.95 | area=   all | maxDets=100 ] = 0.666
 Average Recall     (AR) @[ IoU=0.50:0.95 | area=   all | maxDets=300 ] = 0.666
 Average Recall     (AR) @[ IoU=0.50:0.95 | area=   all | maxDets=1000 ] = 0.666
 Average Recall     (AR) @[ IoU=0.50:0.95 | area= small | maxDets=1000 ] = 0.000
 Average Recall     (AR) @[ IoU=0.50:0.95 | area=medium | maxDets=1000 ] = 0.283
 Average Recall     (AR) @[ IoU=0.50:0.95 | area= large | maxDets=1000 ] = 0.831

2023-02-10 18:55:46,802 - mmdet - INFO - Exp name: mask_rcnn_r50_fpn_balloon.py
2023-02-10 18:55:46,802 - mmdet - INFO - Epoch(val) [11][13]	bbox_mAP: 0.5441, bbox_mAP_50: 0.6971, bbox_mAP_75: 0.6762, bbox_mAP_s: 0.0000, bbox_mAP_m: 0.1183, bbox_mAP_l: 0.6988, bbox_mAP_copypaste: 0.5441 0.6971 0.6762 0.0000 0.1183 0.6988, segm_mAP: 0.5977, segm_mAP_50: 0.6762, segm_mAP_75: 0.6762, segm_mAP_s: 0.0000, segm_mAP_m: 0.1247, segm_mAP_l: 0.7649, segm_mAP_copypaste: 0.5977 0.6762 0.6762 0.0000 0.1247 0.7649
2023-02-10 18:55:59,696 - mmdet - INFO - Epoch [12][10/31]	lr: 1.401e-02, eta: 0:05:27, time: 1.280, data_time: 0.739, memory: 3926, loss_rpn_cls: 0.0025, loss_rpn_bbox: 0.0198, loss_cls: 0.0619, acc: 97.3340, loss_bbox: 0.1203, loss_mask: 0.0826, loss: 0.2871
2023-02-10 18:56:05,044 - mmdet - INFO - Epoch [12][20/31]	lr: 1.441e-02, eta: 0:05:16, time: 0.536, data_time: 0.021, memory: 3926, loss_rpn_cls: 0.0036, loss_rpn_bbox: 0.0214, loss_cls: 0.0674, acc: 97.2949, loss_bbox: 0.1335, loss_mask: 0.0926, loss: 0.3186
2023-02-10 18:56:10,436 - mmdet - INFO - Epoch [12][30/31]	lr: 1.481e-02, eta: 0:05:04, time: 0.539, data_time: 0.018, memory: 3926, loss_rpn_cls: 0.0021, loss_rpn_bbox: 0.0099, loss_cls: 0.0275, acc: 98.9258, loss_bbox: 0.0618, loss_mask: 0.0543, loss: 0.1556
2023-02-10 18:56:11,445 - mmdet - INFO - Saving checkpoint at 12 epochs
2023-02-10 18:56:22,693 - mmdet - INFO - Evaluating bbox...
2023-02-10 18:56:22,747 - mmdet - INFO - 
 Average Precision  (AP) @[ IoU=0.50:0.95 | area=   all | maxDets=100 ] = 0.677
 Average Precision  (AP) @[ IoU=0.50      | area=   all | maxDets=1000 ] = 0.848
 Average Precision  (AP) @[ IoU=0.75      | area=   all | maxDets=1000 ] = 0.722
 Average Precision  (AP) @[ IoU=0.50:0.95 | area= small | maxDets=1000 ] = 0.000
 Average Precision  (AP) @[ IoU=0.50:0.95 | area=medium | maxDets=1000 ] = 0.492
 Average Precision  (AP) @[ IoU=0.50:0.95 | area= large | maxDets=1000 ] = 0.764
 Average Recall     (AR) @[ IoU=0.50:0.95 | area=   all | maxDets=100 ] = 0.736
 Average Recall     (AR) @[ IoU=0.50:0.95 | area=   all | maxDets=300 ] = 0.736
 Average Recall     (AR) @[ IoU=0.50:0.95 | area=   all | maxDets=1000 ] = 0.736
 Average Recall     (AR) @[ IoU=0.50:0.95 | area= small | maxDets=1000 ] = 0.000
 Average Recall     (AR) @[ IoU=0.50:0.95 | area=medium | maxDets=1000 ] = 0.608
 Average Recall     (AR) @[ IoU=0.50:0.95 | area= large | maxDets=1000 ] = 0.819

2023-02-10 18:56:22,748 - mmdet - INFO - Evaluating segm...
2023-02-10 18:56:22,798 - mmdet - INFO - 
 Average Precision  (AP) @[ IoU=0.50:0.95 | area=   all | maxDets=100 ] = 0.724
 Average Precision  (AP) @[ IoU=0.50      | area=   all | maxDets=1000 ] = 0.848
 Average Precision  (AP) @[ IoU=0.75      | area=   all | maxDets=1000 ] = 0.804
 Average Precision  (AP) @[ IoU=0.50:0.95 | area= small | maxDets=1000 ] = 0.000
 Average Precision  (AP) @[ IoU=0.50:0.95 | area=medium | maxDets=1000 ] = 0.547
 Average Precision  (AP) @[ IoU=0.50:0.95 | area= large | maxDets=1000 ] = 0.808
 Average Recall     (AR) @[ IoU=0.50:0.95 | area=   all | maxDets=100 ] = 0.782
 Average Recall     (AR) @[ IoU=0.50:0.95 | area=   all | maxDets=300 ] = 0.782
 Average Recall     (AR) @[ IoU=0.50:0.95 | area=   all | maxDets=1000 ] = 0.782
 Average Recall     (AR) @[ IoU=0.50:0.95 | area= small | maxDets=1000 ] = 0.000
 Average Recall     (AR) @[ IoU=0.50:0.95 | area=medium | maxDets=1000 ] = 0.683
 Average Recall     (AR) @[ IoU=0.50:0.95 | area= large | maxDets=1000 ] = 0.858

2023-02-10 18:56:22,803 - mmdet - INFO - Exp name: mask_rcnn_r50_fpn_balloon.py
2023-02-10 18:56:22,804 - mmdet - INFO - Epoch(val) [12][13]	bbox_mAP: 0.6772, bbox_mAP_50: 0.8481, bbox_mAP_75: 0.7220, bbox_mAP_s: 0.0000, bbox_mAP_m: 0.4922, bbox_mAP_l: 0.7636, bbox_mAP_copypaste: 0.6772 0.8481 0.7220 0.0000 0.4922 0.7636, segm_mAP: 0.7237, segm_mAP_50: 0.8481, segm_mAP_75: 0.8038, segm_mAP_s: 0.0000, segm_mAP_m: 0.5472, segm_mAP_l: 0.8077, segm_mAP_copypaste: 0.7237 0.8481 0.8038 0.0000 0.5472 0.8077
2023-02-10 18:56:35,764 - mmdet - INFO - Epoch [13][10/31]	lr: 1.524e-02, eta: 0:04:59, time: 1.287, data_time: 0.764, memory: 3926, loss_rpn_cls: 0.0039, loss_rpn_bbox: 0.0130, loss_cls: 0.0452, acc: 98.1250, loss_bbox: 0.0984, loss_mask: 0.0640, loss: 0.2245
2023-02-10 18:56:40,750 - mmdet - INFO - Epoch [13][20/31]	lr: 1.564e-02, eta: 0:04:48, time: 0.500, data_time: 0.019, memory: 3926, loss_rpn_cls: 0.0020, loss_rpn_bbox: 0.0182, loss_cls: 0.0455, acc: 98.2227, loss_bbox: 0.1025, loss_mask: 0.0782, loss: 0.2463
2023-02-10 18:56:45,831 - mmdet - INFO - Epoch [13][30/31]	lr: 1.604e-02, eta: 0:04:37, time: 0.507, data_time: 0.015, memory: 3926, loss_rpn_cls: 0.0017, loss_rpn_bbox: 0.0163, loss_cls: 0.0365, acc: 98.5938, loss_bbox: 0.0873, loss_mask: 0.0648, loss: 0.2066
2023-02-10 18:56:55,742 - mmdet - INFO - Evaluating bbox...
2023-02-10 18:56:55,798 - mmdet - INFO - 
 Average Precision  (AP) @[ IoU=0.50:0.95 | area=   all | maxDets=100 ] = 0.657
 Average Precision  (AP) @[ IoU=0.50      | area=   all | maxDets=1000 ] = 0.816
 Average Precision  (AP) @[ IoU=0.75      | area=   all | maxDets=1000 ] = 0.754
 Average Precision  (AP) @[ IoU=0.50:0.95 | area= small | maxDets=1000 ] = 0.000
 Average Precision  (AP) @[ IoU=0.50:0.95 | area=medium | maxDets=1000 ] = 0.461
 Average Precision  (AP) @[ IoU=0.50:0.95 | area= large | maxDets=1000 ] = 0.743
 Average Recall     (AR) @[ IoU=0.50:0.95 | area=   all | maxDets=100 ] = 0.730
 Average Recall     (AR) @[ IoU=0.50:0.95 | area=   all | maxDets=300 ] = 0.730
 Average Recall     (AR) @[ IoU=0.50:0.95 | area=   all | maxDets=1000 ] = 0.730
 Average Recall     (AR) @[ IoU=0.50:0.95 | area= small | maxDets=1000 ] = 0.000
 Average Recall     (AR) @[ IoU=0.50:0.95 | area=medium | maxDets=1000 ] = 0.608
 Average Recall     (AR) @[ IoU=0.50:0.95 | area= large | maxDets=1000 ] = 0.811

2023-02-10 18:56:55,799 - mmdet - INFO - Evaluating segm...
2023-02-10 18:56:55,846 - mmdet - INFO - 
 Average Precision  (AP) @[ IoU=0.50:0.95 | area=   all | maxDets=100 ] = 0.714
 Average Precision  (AP) @[ IoU=0.50      | area=   all | maxDets=1000 ] = 0.816
 Average Precision  (AP) @[ IoU=0.75      | area=   all | maxDets=1000 ] = 0.776
 Average Precision  (AP) @[ IoU=0.50:0.95 | area= small | maxDets=1000 ] = 0.000
 Average Precision  (AP) @[ IoU=0.50:0.95 | area=medium | maxDets=1000 ] = 0.491
 Average Precision  (AP) @[ IoU=0.50:0.95 | area= large | maxDets=1000 ] = 0.809
 Average Recall     (AR) @[ IoU=0.50:0.95 | area=   all | maxDets=100 ] = 0.776
 Average Recall     (AR) @[ IoU=0.50:0.95 | area=   all | maxDets=300 ] = 0.776
 Average Recall     (AR) @[ IoU=0.50:0.95 | area=   all | maxDets=1000 ] = 0.776
 Average Recall     (AR) @[ IoU=0.50:0.95 | area= small | maxDets=1000 ] = 0.000
 Average Recall     (AR) @[ IoU=0.50:0.95 | area=medium | maxDets=1000 ] = 0.642
 Average Recall     (AR) @[ IoU=0.50:0.95 | area= large | maxDets=1000 ] = 0.864

2023-02-10 18:56:55,850 - mmdet - INFO - Exp name: mask_rcnn_r50_fpn_balloon.py
2023-02-10 18:56:55,851 - mmdet - INFO - Epoch(val) [13][13]	bbox_mAP: 0.6569, bbox_mAP_50: 0.8158, bbox_mAP_75: 0.7541, bbox_mAP_s: 0.0000, bbox_mAP_m: 0.4608, bbox_mAP_l: 0.7425, bbox_mAP_copypaste: 0.6569 0.8158 0.7541 0.0000 0.4608 0.7425, segm_mAP: 0.7135, segm_mAP_50: 0.8158, segm_mAP_75: 0.7757, segm_mAP_s: 0.0000, segm_mAP_m: 0.4911, segm_mAP_l: 0.8088, segm_mAP_copypaste: 0.7135 0.8158 0.7757 0.0000 0.4911 0.8088
2023-02-10 18:57:08,706 - mmdet - INFO - Epoch [14][10/31]	lr: 1.648e-02, eta: 0:04:31, time: 1.277, data_time: 0.737, memory: 3926, loss_rpn_cls: 0.0022, loss_rpn_bbox: 0.0181, loss_cls: 0.0424, acc: 98.1934, loss_bbox: 0.0995, loss_mask: 0.0714, loss: 0.2338
2023-02-10 18:57:14,172 - mmdet - INFO - Epoch [14][20/31]	lr: 1.688e-02, eta: 0:04:21, time: 0.546, data_time: 0.023, memory: 3926, loss_rpn_cls: 0.0043, loss_rpn_bbox: 0.0247, loss_cls: 0.0474, acc: 98.0469, loss_bbox: 0.0909, loss_mask: 0.0721, loss: 0.2395
2023-02-10 18:57:19,587 - mmdet - INFO - Epoch [14][30/31]	lr: 1.728e-02, eta: 0:04:11, time: 0.542, data_time: 0.018, memory: 3926, loss_rpn_cls: 0.0022, loss_rpn_bbox: 0.0124, loss_cls: 0.0413, acc: 98.4277, loss_bbox: 0.1006, loss_mask: 0.0764, loss: 0.2329
2023-02-10 18:57:27,345 - mmdet - INFO - Evaluating bbox...
2023-02-10 18:57:27,372 - mmdet - INFO - 
 Average Precision  (AP) @[ IoU=0.50:0.95 | area=   all | maxDets=100 ] = 0.585
 Average Precision  (AP) @[ IoU=0.50      | area=   all | maxDets=1000 ] = 0.799
 Average Precision  (AP) @[ IoU=0.75      | area=   all | maxDets=1000 ] = 0.744
 Average Precision  (AP) @[ IoU=0.50:0.95 | area= small | maxDets=1000 ] = 0.000
 Average Precision  (AP) @[ IoU=0.50:0.95 | area=medium | maxDets=1000 ] = 0.441
 Average Precision  (AP) @[ IoU=0.50:0.95 | area= large | maxDets=1000 ] = 0.651
 Average Recall     (AR) @[ IoU=0.50:0.95 | area=   all | maxDets=100 ] = 0.642
 Average Recall     (AR) @[ IoU=0.50:0.95 | area=   all | maxDets=300 ] = 0.642
 Average Recall     (AR) @[ IoU=0.50:0.95 | area=   all | maxDets=1000 ] = 0.642
 Average Recall     (AR) @[ IoU=0.50:0.95 | area= small | maxDets=1000 ] = 0.000
 Average Recall     (AR) @[ IoU=0.50:0.95 | area=medium | maxDets=1000 ] = 0.550
 Average Recall     (AR) @[ IoU=0.50:0.95 | area= large | maxDets=1000 ] = 0.708

2023-02-10 18:57:27,374 - mmdet - INFO - Evaluating segm...
2023-02-10 18:57:27,402 - mmdet - INFO - 
 Average Precision  (AP) @[ IoU=0.50:0.95 | area=   all | maxDets=100 ] = 0.711
 Average Precision  (AP) @[ IoU=0.50      | area=   all | maxDets=1000 ] = 0.799
 Average Precision  (AP) @[ IoU=0.75      | area=   all | maxDets=1000 ] = 0.776
 Average Precision  (AP) @[ IoU=0.50:0.95 | area= small | maxDets=1000 ] = 0.000
 Average Precision  (AP) @[ IoU=0.50:0.95 | area=medium | maxDets=1000 ] = 0.512
 Average Precision  (AP) @[ IoU=0.50:0.95 | area= large | maxDets=1000 ] = 0.795
 Average Recall     (AR) @[ IoU=0.50:0.95 | area=   all | maxDets=100 ] = 0.752
 Average Recall     (AR) @[ IoU=0.50:0.95 | area=   all | maxDets=300 ] = 0.752
 Average Recall     (AR) @[ IoU=0.50:0.95 | area=   all | maxDets=1000 ] = 0.752
 Average Recall     (AR) @[ IoU=0.50:0.95 | area= small | maxDets=1000 ] = 0.000
 Average Recall     (AR) @[ IoU=0.50:0.95 | area=medium | maxDets=1000 ] = 0.650
 Average Recall     (AR) @[ IoU=0.50:0.95 | area= large | maxDets=1000 ] = 0.828

2023-02-10 18:57:27,404 - mmdet - INFO - Exp name: mask_rcnn_r50_fpn_balloon.py
2023-02-10 18:57:27,405 - mmdet - INFO - Epoch(val) [14][13]	bbox_mAP: 0.5853, bbox_mAP_50: 0.7990, bbox_mAP_75: 0.7442, bbox_mAP_s: 0.0000, bbox_mAP_m: 0.4413, bbox_mAP_l: 0.6510, bbox_mAP_copypaste: 0.5853 0.7990 0.7442 0.0000 0.4413 0.6510, segm_mAP: 0.7114, segm_mAP_50: 0.7990, segm_mAP_75: 0.7759, segm_mAP_s: 0.0000, segm_mAP_m: 0.5121, segm_mAP_l: 0.7947, segm_mAP_copypaste: 0.7114 0.7990 0.7759 0.0000 0.5121 0.7947
2023-02-10 18:57:40,365 - mmdet - INFO - Epoch [15][10/31]	lr: 1.772e-02, eta: 0:04:05, time: 1.288, data_time: 0.765, memory: 3926, loss_rpn_cls: 0.0012, loss_rpn_bbox: 0.0158, loss_cls: 0.0384, acc: 98.3203, loss_bbox: 0.0865, loss_mask: 0.0624, loss: 0.2042
2023-02-10 18:57:45,384 - mmdet - INFO - Epoch [15][20/31]	lr: 1.812e-02, eta: 0:03:54, time: 0.502, data_time: 0.018, memory: 3926, loss_rpn_cls: 0.0024, loss_rpn_bbox: 0.0149, loss_cls: 0.0471, acc: 98.0371, loss_bbox: 0.1101, loss_mask: 0.0806, loss: 0.2551
2023-02-10 18:57:50,749 - mmdet - INFO - Epoch [15][30/31]	lr: 1.852e-02, eta: 0:03:45, time: 0.536, data_time: 0.018, memory: 3926, loss_rpn_cls: 0.0021, loss_rpn_bbox: 0.0178, loss_cls: 0.0458, acc: 98.0469, loss_bbox: 0.1103, loss_mask: 0.0692, loss: 0.2453
2023-02-10 18:57:58,373 - mmdet - INFO - Evaluating bbox...
2023-02-10 18:57:58,390 - mmdet - INFO - 
 Average Precision  (AP) @[ IoU=0.50:0.95 | area=   all | maxDets=100 ] = 0.655
 Average Precision  (AP) @[ IoU=0.50      | area=   all | maxDets=1000 ] = 0.790
 Average Precision  (AP) @[ IoU=0.75      | area=   all | maxDets=1000 ] = 0.762
 Average Precision  (AP) @[ IoU=0.50:0.95 | area= small | maxDets=1000 ] = 0.000
 Average Precision  (AP) @[ IoU=0.50:0.95 | area=medium | maxDets=1000 ] = 0.402
 Average Precision  (AP) @[ IoU=0.50:0.95 | area= large | maxDets=1000 ] = 0.757
 Average Recall     (AR) @[ IoU=0.50:0.95 | area=   all | maxDets=100 ] = 0.706
 Average Recall     (AR) @[ IoU=0.50:0.95 | area=   all | maxDets=300 ] = 0.706
 Average Recall     (AR) @[ IoU=0.50:0.95 | area=   all | maxDets=1000 ] = 0.706
 Average Recall     (AR) @[ IoU=0.50:0.95 | area= small | maxDets=1000 ] = 0.000
 Average Recall     (AR) @[ IoU=0.50:0.95 | area=medium | maxDets=1000 ] = 0.533
 Average Recall     (AR) @[ IoU=0.50:0.95 | area= large | maxDets=1000 ] = 0.803

2023-02-10 18:57:58,390 - mmdet - INFO - Evaluating segm...
2023-02-10 18:57:58,410 - mmdet - INFO - 
 Average Precision  (AP) @[ IoU=0.50:0.95 | area=   all | maxDets=100 ] = 0.698
 Average Precision  (AP) @[ IoU=0.50      | area=   all | maxDets=1000 ] = 0.762
 Average Precision  (AP) @[ IoU=0.75      | area=   all | maxDets=1000 ] = 0.762
 Average Precision  (AP) @[ IoU=0.50:0.95 | area= small | maxDets=1000 ] = 0.000
 Average Precision  (AP) @[ IoU=0.50:0.95 | area=medium | maxDets=1000 ] = 0.394
 Average Precision  (AP) @[ IoU=0.50:0.95 | area= large | maxDets=1000 ] = 0.813
 Average Recall     (AR) @[ IoU=0.50:0.95 | area=   all | maxDets=100 ] = 0.752
 Average Recall     (AR) @[ IoU=0.50:0.95 | area=   all | maxDets=300 ] = 0.752
 Average Recall     (AR) @[ IoU=0.50:0.95 | area=   all | maxDets=1000 ] = 0.752
 Average Recall     (AR) @[ IoU=0.50:0.95 | area= small | maxDets=1000 ] = 0.000
 Average Recall     (AR) @[ IoU=0.50:0.95 | area=medium | maxDets=1000 ] = 0.567
 Average Recall     (AR) @[ IoU=0.50:0.95 | area= large | maxDets=1000 ] = 0.856

2023-02-10 18:57:58,412 - mmdet - INFO - Exp name: mask_rcnn_r50_fpn_balloon.py
2023-02-10 18:57:58,413 - mmdet - INFO - Epoch(val) [15][13]	bbox_mAP: 0.6551, bbox_mAP_50: 0.7901, bbox_mAP_75: 0.7623, bbox_mAP_s: 0.0000, bbox_mAP_m: 0.4020, bbox_mAP_l: 0.7573, bbox_mAP_copypaste: 0.6551 0.7901 0.7623 0.0000 0.4020 0.7573, segm_mAP: 0.6975, segm_mAP_50: 0.7623, segm_mAP_75: 0.7623, segm_mAP_s: 0.0000, segm_mAP_m: 0.3942, segm_mAP_l: 0.8127, segm_mAP_copypaste: 0.6975 0.7623 0.7623 0.0000 0.3942 0.8127
2023-02-10 18:58:10,724 - mmdet - INFO - Epoch [16][10/31]	lr: 1.896e-02, eta: 0:03:38, time: 1.223, data_time: 0.701, memory: 3926, loss_rpn_cls: 0.0031, loss_rpn_bbox: 0.0201, loss_cls: 0.0410, acc: 98.4668, loss_bbox: 0.1049, loss_mask: 0.0752, loss: 0.2443
2023-02-10 18:58:15,651 - mmdet - INFO - Epoch [16][20/31]	lr: 1.936e-02, eta: 0:03:28, time: 0.492, data_time: 0.016, memory: 3926, loss_rpn_cls: 0.0010, loss_rpn_bbox: 0.0072, loss_cls: 0.0262, acc: 98.9355, loss_bbox: 0.0641, loss_mask: 0.0520, loss: 0.1505
2023-02-10 18:58:20,928 - mmdet - INFO - Epoch [16][30/31]	lr: 1.976e-02, eta: 0:03:18, time: 0.529, data_time: 0.021, memory: 3926, loss_rpn_cls: 0.0022, loss_rpn_bbox: 0.0177, loss_cls: 0.0502, acc: 97.9980, loss_bbox: 0.0908, loss_mask: 0.0669, loss: 0.2278
2023-02-10 18:58:21,696 - mmdet - INFO - Saving checkpoint at 16 epochs
2023-02-10 18:58:31,419 - mmdet - INFO - Evaluating bbox...
2023-02-10 18:58:31,453 - mmdet - INFO - 
 Average Precision  (AP) @[ IoU=0.50:0.95 | area=   all | maxDets=100 ] = 0.658
 Average Precision  (AP) @[ IoU=0.50      | area=   all | maxDets=1000 ] = 0.830
 Average Precision  (AP) @[ IoU=0.75      | area=   all | maxDets=1000 ] = 0.792
 Average Precision  (AP) @[ IoU=0.50:0.95 | area= small | maxDets=1000 ] = 0.000
 Average Precision  (AP) @[ IoU=0.50:0.95 | area=medium | maxDets=1000 ] = 0.446
 Average Precision  (AP) @[ IoU=0.50:0.95 | area= large | maxDets=1000 ] = 0.736
 Average Recall     (AR) @[ IoU=0.50:0.95 | area=   all | maxDets=100 ] = 0.720
 Average Recall     (AR) @[ IoU=0.50:0.95 | area=   all | maxDets=300 ] = 0.720
 Average Recall     (AR) @[ IoU=0.50:0.95 | area=   all | maxDets=1000 ] = 0.720
 Average Recall     (AR) @[ IoU=0.50:0.95 | area= small | maxDets=1000 ] = 0.000
 Average Recall     (AR) @[ IoU=0.50:0.95 | area=medium | maxDets=1000 ] = 0.617
 Average Recall     (AR) @[ IoU=0.50:0.95 | area= large | maxDets=1000 ] = 0.794

2023-02-10 18:58:31,455 - mmdet - INFO - Evaluating segm...
2023-02-10 18:58:31,490 - mmdet - INFO - 
 Average Precision  (AP) @[ IoU=0.50:0.95 | area=   all | maxDets=100 ] = 0.715
 Average Precision  (AP) @[ IoU=0.50      | area=   all | maxDets=1000 ] = 0.810
 Average Precision  (AP) @[ IoU=0.75      | area=   all | maxDets=1000 ] = 0.791
 Average Precision  (AP) @[ IoU=0.50:0.95 | area= small | maxDets=1000 ] = 0.000
 Average Precision  (AP) @[ IoU=0.50:0.95 | area=medium | maxDets=1000 ] = 0.496
 Average Precision  (AP) @[ IoU=0.50:0.95 | area= large | maxDets=1000 ] = 0.796
 Average Recall     (AR) @[ IoU=0.50:0.95 | area=   all | maxDets=100 ] = 0.772
 Average Recall     (AR) @[ IoU=0.50:0.95 | area=   all | maxDets=300 ] = 0.772
 Average Recall     (AR) @[ IoU=0.50:0.95 | area=   all | maxDets=1000 ] = 0.772
 Average Recall     (AR) @[ IoU=0.50:0.95 | area= small | maxDets=1000 ] = 0.000
 Average Recall     (AR) @[ IoU=0.50:0.95 | area=medium | maxDets=1000 ] = 0.683
 Average Recall     (AR) @[ IoU=0.50:0.95 | area= large | maxDets=1000 ] = 0.844

2023-02-10 18:58:31,494 - mmdet - INFO - Exp name: mask_rcnn_r50_fpn_balloon.py
2023-02-10 18:58:31,494 - mmdet - INFO - Epoch(val) [16][13]	bbox_mAP: 0.6577, bbox_mAP_50: 0.8297, bbox_mAP_75: 0.7925, bbox_mAP_s: 0.0000, bbox_mAP_m: 0.4465, bbox_mAP_l: 0.7365, bbox_mAP_copypaste: 0.6577 0.8297 0.7925 0.0000 0.4465 0.7365, segm_mAP: 0.7151, segm_mAP_50: 0.8103, segm_mAP_75: 0.7908, segm_mAP_s: 0.0000, segm_mAP_m: 0.4955, segm_mAP_l: 0.7964, segm_mAP_copypaste: 0.7151 0.8103 0.7908 0.0000 0.4955 0.7964
2023-02-10 18:58:43,862 - mmdet - INFO - Epoch [17][10/31]	lr: 2.000e-03, eta: 0:03:11, time: 1.229, data_time: 0.697, memory: 3926, loss_rpn_cls: 0.0011, loss_rpn_bbox: 0.0153, loss_cls: 0.0343, acc: 98.5547, loss_bbox: 0.0622, loss_mask: 0.0494, loss: 0.1623
2023-02-10 18:58:49,444 - mmdet - INFO - Epoch [17][20/31]	lr: 2.000e-03, eta: 0:03:02, time: 0.557, data_time: 0.023, memory: 3926, loss_rpn_cls: 0.0022, loss_rpn_bbox: 0.0133, loss_cls: 0.0422, acc: 98.3008, loss_bbox: 0.0780, loss_mask: 0.0613, loss: 0.1969
2023-02-10 18:58:54,754 - mmdet - INFO - Epoch [17][30/31]	lr: 2.000e-03, eta: 0:02:53, time: 0.532, data_time: 0.017, memory: 3926, loss_rpn_cls: 0.0011, loss_rpn_bbox: 0.0067, loss_cls: 0.0239, acc: 99.0039, loss_bbox: 0.0505, loss_mask: 0.0540, loss: 0.1362
2023-02-10 18:59:03,125 - mmdet - INFO - Evaluating bbox...
2023-02-10 18:59:03,174 - mmdet - INFO - 
 Average Precision  (AP) @[ IoU=0.50:0.95 | area=   all | maxDets=100 ] = 0.700
 Average Precision  (AP) @[ IoU=0.50      | area=   all | maxDets=1000 ] = 0.833
 Average Precision  (AP) @[ IoU=0.75      | area=   all | maxDets=1000 ] = 0.771
 Average Precision  (AP) @[ IoU=0.50:0.95 | area= small | maxDets=1000 ] = 0.000
 Average Precision  (AP) @[ IoU=0.50:0.95 | area=medium | maxDets=1000 ] = 0.480
 Average Precision  (AP) @[ IoU=0.50:0.95 | area= large | maxDets=1000 ] = 0.785
 Average Recall     (AR) @[ IoU=0.50:0.95 | area=   all | maxDets=100 ] = 0.762
 Average Recall     (AR) @[ IoU=0.50:0.95 | area=   all | maxDets=300 ] = 0.762
 Average Recall     (AR) @[ IoU=0.50:0.95 | area=   all | maxDets=1000 ] = 0.762
 Average Recall     (AR) @[ IoU=0.50:0.95 | area= small | maxDets=1000 ] = 0.000
 Average Recall     (AR) @[ IoU=0.50:0.95 | area=medium | maxDets=1000 ] = 0.667
 Average Recall     (AR) @[ IoU=0.50:0.95 | area= large | maxDets=1000 ] = 0.836

2023-02-10 18:59:03,175 - mmdet - INFO - Evaluating segm...
2023-02-10 18:59:03,232 - mmdet - INFO - 
 Average Precision  (AP) @[ IoU=0.50:0.95 | area=   all | maxDets=100 ] = 0.729
 Average Precision  (AP) @[ IoU=0.50      | area=   all | maxDets=1000 ] = 0.813
 Average Precision  (AP) @[ IoU=0.75      | area=   all | maxDets=1000 ] = 0.793
 Average Precision  (AP) @[ IoU=0.50:0.95 | area= small | maxDets=1000 ] = 0.000
 Average Precision  (AP) @[ IoU=0.50:0.95 | area=medium | maxDets=1000 ] = 0.467
 Average Precision  (AP) @[ IoU=0.50:0.95 | area= large | maxDets=1000 ] = 0.821
 Average Recall     (AR) @[ IoU=0.50:0.95 | area=   all | maxDets=100 ] = 0.778
 Average Recall     (AR) @[ IoU=0.50:0.95 | area=   all | maxDets=300 ] = 0.778
 Average Recall     (AR) @[ IoU=0.50:0.95 | area=   all | maxDets=1000 ] = 0.778
 Average Recall     (AR) @[ IoU=0.50:0.95 | area= small | maxDets=1000 ] = 0.000
 Average Recall     (AR) @[ IoU=0.50:0.95 | area=medium | maxDets=1000 ] = 0.683
 Average Recall     (AR) @[ IoU=0.50:0.95 | area= large | maxDets=1000 ] = 0.853

2023-02-10 18:59:03,238 - mmdet - INFO - Exp name: mask_rcnn_r50_fpn_balloon.py
2023-02-10 18:59:03,238 - mmdet - INFO - Epoch(val) [17][13]	bbox_mAP: 0.7000, bbox_mAP_50: 0.8333, bbox_mAP_75: 0.7711, bbox_mAP_s: 0.0000, bbox_mAP_m: 0.4799, bbox_mAP_l: 0.7848, bbox_mAP_copypaste: 0.7000 0.8333 0.7711 0.0000 0.4799 0.7848, segm_mAP: 0.7295, segm_mAP_50: 0.8130, segm_mAP_75: 0.7933, segm_mAP_s: 0.0000, segm_mAP_m: 0.4671, segm_mAP_l: 0.8207, segm_mAP_copypaste: 0.7295 0.8130 0.7933 0.0000 0.4671 0.8207
2023-02-10 18:59:17,384 - mmdet - INFO - Epoch [18][10/31]	lr: 2.000e-03, eta: 0:02:46, time: 1.405, data_time: 0.849, memory: 3926, loss_rpn_cls: 0.0014, loss_rpn_bbox: 0.0087, loss_cls: 0.0268, acc: 98.9746, loss_bbox: 0.0556, loss_mask: 0.0580, loss: 0.1506
2023-02-10 18:59:22,692 - mmdet - INFO - Epoch [18][20/31]	lr: 2.000e-03, eta: 0:02:37, time: 0.531, data_time: 0.019, memory: 3926, loss_rpn_cls: 0.0014, loss_rpn_bbox: 0.0105, loss_cls: 0.0316, acc: 98.7891, loss_bbox: 0.0604, loss_mask: 0.0634, loss: 0.1672
2023-02-10 18:59:28,262 - mmdet - INFO - Epoch [18][30/31]	lr: 2.000e-03, eta: 0:02:28, time: 0.557, data_time: 0.024, memory: 3926, loss_rpn_cls: 0.0012, loss_rpn_bbox: 0.0096, loss_cls: 0.0257, acc: 98.9453, loss_bbox: 0.0526, loss_mask: 0.0547, loss: 0.1440
2023-02-10 18:59:37,388 - mmdet - INFO - Evaluating bbox...
2023-02-10 18:59:37,426 - mmdet - INFO - 
 Average Precision  (AP) @[ IoU=0.50:0.95 | area=   all | maxDets=100 ] = 0.705
 Average Precision  (AP) @[ IoU=0.50      | area=   all | maxDets=1000 ] = 0.833
 Average Precision  (AP) @[ IoU=0.75      | area=   all | maxDets=1000 ] = 0.813
 Average Precision  (AP) @[ IoU=0.50:0.95 | area= small | maxDets=1000 ] = 0.000
 Average Precision  (AP) @[ IoU=0.50:0.95 | area=medium | maxDets=1000 ] = 0.469
 Average Precision  (AP) @[ IoU=0.50:0.95 | area= large | maxDets=1000 ] = 0.794
 Average Recall     (AR) @[ IoU=0.50:0.95 | area=   all | maxDets=100 ] = 0.760
 Average Recall     (AR) @[ IoU=0.50:0.95 | area=   all | maxDets=300 ] = 0.760
 Average Recall     (AR) @[ IoU=0.50:0.95 | area=   all | maxDets=1000 ] = 0.760
 Average Recall     (AR) @[ IoU=0.50:0.95 | area= small | maxDets=1000 ] = 0.000
 Average Recall     (AR) @[ IoU=0.50:0.95 | area=medium | maxDets=1000 ] = 0.642
 Average Recall     (AR) @[ IoU=0.50:0.95 | area= large | maxDets=1000 ] = 0.842

2023-02-10 18:59:37,428 - mmdet - INFO - Evaluating segm...
2023-02-10 18:59:37,483 - mmdet - INFO - 
 Average Precision  (AP) @[ IoU=0.50:0.95 | area=   all | maxDets=100 ] = 0.726
 Average Precision  (AP) @[ IoU=0.50      | area=   all | maxDets=1000 ] = 0.833
 Average Precision  (AP) @[ IoU=0.75      | area=   all | maxDets=1000 ] = 0.792
 Average Precision  (AP) @[ IoU=0.50:0.95 | area= small | maxDets=1000 ] = 0.000
 Average Precision  (AP) @[ IoU=0.50:0.95 | area=medium | maxDets=1000 ] = 0.495
 Average Precision  (AP) @[ IoU=0.50:0.95 | area= large | maxDets=1000 ] = 0.811
 Average Recall     (AR) @[ IoU=0.50:0.95 | area=   all | maxDets=100 ] = 0.780
 Average Recall     (AR) @[ IoU=0.50:0.95 | area=   all | maxDets=300 ] = 0.780
 Average Recall     (AR) @[ IoU=0.50:0.95 | area=   all | maxDets=1000 ] = 0.780
 Average Recall     (AR) @[ IoU=0.50:0.95 | area= small | maxDets=1000 ] = 0.000
 Average Recall     (AR) @[ IoU=0.50:0.95 | area=medium | maxDets=1000 ] = 0.692
 Average Recall     (AR) @[ IoU=0.50:0.95 | area= large | maxDets=1000 ] = 0.853

2023-02-10 18:59:37,493 - mmdet - INFO - Exp name: mask_rcnn_r50_fpn_balloon.py
2023-02-10 18:59:37,493 - mmdet - INFO - Epoch(val) [18][13]	bbox_mAP: 0.7046, bbox_mAP_50: 0.8326, bbox_mAP_75: 0.8127, bbox_mAP_s: 0.0000, bbox_mAP_m: 0.4692, bbox_mAP_l: 0.7937, bbox_mAP_copypaste: 0.7046 0.8326 0.8127 0.0000 0.4692 0.7937, segm_mAP: 0.7263, segm_mAP_50: 0.8326, segm_mAP_75: 0.7917, segm_mAP_s: 0.0000, segm_mAP_m: 0.4954, segm_mAP_l: 0.8110, segm_mAP_copypaste: 0.7263 0.8326 0.7917 0.0000 0.4954 0.8110
2023-02-10 18:59:50,056 - mmdet - INFO - Epoch [19][10/31]	lr: 2.000e-03, eta: 0:02:21, time: 1.248, data_time: 0.696, memory: 3926, loss_rpn_cls: 0.0011, loss_rpn_bbox: 0.0049, loss_cls: 0.0193, acc: 99.2578, loss_bbox: 0.0373, loss_mask: 0.0473, loss: 0.1098
2023-02-10 18:59:55,235 - mmdet - INFO - Epoch [19][20/31]	lr: 2.000e-03, eta: 0:02:12, time: 0.517, data_time: 0.022, memory: 3926, loss_rpn_cls: 0.0018, loss_rpn_bbox: 0.0113, loss_cls: 0.0310, acc: 98.8770, loss_bbox: 0.0539, loss_mask: 0.0657, loss: 0.1637
2023-02-10 19:00:00,763 - mmdet - INFO - Epoch [19][30/31]	lr: 2.000e-03, eta: 0:02:03, time: 0.553, data_time: 0.024, memory: 3926, loss_rpn_cls: 0.0014, loss_rpn_bbox: 0.0087, loss_cls: 0.0257, acc: 99.0234, loss_bbox: 0.0530, loss_mask: 0.0488, loss: 0.1375
2023-02-10 19:00:09,164 - mmdet - INFO - Evaluating bbox...
2023-02-10 19:00:09,182 - mmdet - INFO - 
 Average Precision  (AP) @[ IoU=0.50:0.95 | area=   all | maxDets=100 ] = 0.686
 Average Precision  (AP) @[ IoU=0.50      | area=   all | maxDets=1000 ] = 0.820
 Average Precision  (AP) @[ IoU=0.75      | area=   all | maxDets=1000 ] = 0.776
 Average Precision  (AP) @[ IoU=0.50:0.95 | area= small | maxDets=1000 ] = 0.000
 Average Precision  (AP) @[ IoU=0.50:0.95 | area=medium | maxDets=1000 ] = 0.420
 Average Precision  (AP) @[ IoU=0.50:0.95 | area= large | maxDets=1000 ] = 0.788
 Average Recall     (AR) @[ IoU=0.50:0.95 | area=   all | maxDets=100 ] = 0.736
 Average Recall     (AR) @[ IoU=0.50:0.95 | area=   all | maxDets=300 ] = 0.736
 Average Recall     (AR) @[ IoU=0.50:0.95 | area=   all | maxDets=1000 ] = 0.736
 Average Recall     (AR) @[ IoU=0.50:0.95 | area= small | maxDets=1000 ] = 0.000
 Average Recall     (AR) @[ IoU=0.50:0.95 | area=medium | maxDets=1000 ] = 0.575
 Average Recall     (AR) @[ IoU=0.50:0.95 | area= large | maxDets=1000 ] = 0.831

2023-02-10 19:00:09,183 - mmdet - INFO - Evaluating segm...
2023-02-10 19:00:09,229 - mmdet - INFO - 
 Average Precision  (AP) @[ IoU=0.50:0.95 | area=   all | maxDets=100 ] = 0.726
 Average Precision  (AP) @[ IoU=0.50      | area=   all | maxDets=1000 ] = 0.820
 Average Precision  (AP) @[ IoU=0.75      | area=   all | maxDets=1000 ] = 0.772
 Average Precision  (AP) @[ IoU=0.50:0.95 | area= small | maxDets=1000 ] = 0.000
 Average Precision  (AP) @[ IoU=0.50:0.95 | area=medium | maxDets=1000 ] = 0.440
 Average Precision  (AP) @[ IoU=0.50:0.95 | area= large | maxDets=1000 ] = 0.836
 Average Recall     (AR) @[ IoU=0.50:0.95 | area=   all | maxDets=100 ] = 0.768
 Average Recall     (AR) @[ IoU=0.50:0.95 | area=   all | maxDets=300 ] = 0.768
 Average Recall     (AR) @[ IoU=0.50:0.95 | area=   all | maxDets=1000 ] = 0.768
 Average Recall     (AR) @[ IoU=0.50:0.95 | area= small | maxDets=1000 ] = 0.000
 Average Recall     (AR) @[ IoU=0.50:0.95 | area=medium | maxDets=1000 ] = 0.600
 Average Recall     (AR) @[ IoU=0.50:0.95 | area= large | maxDets=1000 ] = 0.867

2023-02-10 19:00:09,232 - mmdet - INFO - Exp name: mask_rcnn_r50_fpn_balloon.py
2023-02-10 19:00:09,232 - mmdet - INFO - Epoch(val) [19][13]	bbox_mAP: 0.6863, bbox_mAP_50: 0.8197, bbox_mAP_75: 0.7762, bbox_mAP_s: 0.0000, bbox_mAP_m: 0.4201, bbox_mAP_l: 0.7883, bbox_mAP_copypaste: 0.6863 0.8197 0.7762 0.0000 0.4201 0.7883, segm_mAP: 0.7261, segm_mAP_50: 0.8197, segm_mAP_75: 0.7720, segm_mAP_s: 0.0000, segm_mAP_m: 0.4405, segm_mAP_l: 0.8359, segm_mAP_copypaste: 0.7261 0.8197 0.7720 0.0000 0.4405 0.8359
2023-02-10 19:00:22,381 - mmdet - INFO - Epoch [20][10/31]	lr: 2.000e-03, eta: 0:01:56, time: 1.306, data_time: 0.727, memory: 3926, loss_rpn_cls: 0.0008, loss_rpn_bbox: 0.0076, loss_cls: 0.0209, acc: 99.3652, loss_bbox: 0.0408, loss_mask: 0.0507, loss: 0.1208
2023-02-10 19:00:27,929 - mmdet - INFO - Epoch [20][20/31]	lr: 2.000e-03, eta: 0:01:47, time: 0.555, data_time: 0.026, memory: 3926, loss_rpn_cls: 0.0009, loss_rpn_bbox: 0.0104, loss_cls: 0.0280, acc: 98.9258, loss_bbox: 0.0509, loss_mask: 0.0570, loss: 0.1471
2023-02-10 19:00:33,586 - mmdet - INFO - Epoch [20][30/31]	lr: 2.000e-03, eta: 0:01:39, time: 0.566, data_time: 0.018, memory: 3926, loss_rpn_cls: 0.0009, loss_rpn_bbox: 0.0069, loss_cls: 0.0304, acc: 98.7988, loss_bbox: 0.0586, loss_mask: 0.0603, loss: 0.1572
2023-02-10 19:00:34,587 - mmdet - INFO - Saving checkpoint at 20 epochs
2023-02-10 19:00:45,141 - mmdet - INFO - Evaluating bbox...
2023-02-10 19:00:45,172 - mmdet - INFO - 
 Average Precision  (AP) @[ IoU=0.50:0.95 | area=   all | maxDets=100 ] = 0.700
 Average Precision  (AP) @[ IoU=0.50      | area=   all | maxDets=1000 ] = 0.822
 Average Precision  (AP) @[ IoU=0.75      | area=   all | maxDets=1000 ] = 0.778
 Average Precision  (AP) @[ IoU=0.50:0.95 | area= small | maxDets=1000 ] = 0.000
 Average Precision  (AP) @[ IoU=0.50:0.95 | area=medium | maxDets=1000 ] = 0.417
 Average Precision  (AP) @[ IoU=0.50:0.95 | area= large | maxDets=1000 ] = 0.810
 Average Recall     (AR) @[ IoU=0.50:0.95 | area=   all | maxDets=100 ] = 0.744
 Average Recall     (AR) @[ IoU=0.50:0.95 | area=   all | maxDets=300 ] = 0.744
 Average Recall     (AR) @[ IoU=0.50:0.95 | area=   all | maxDets=1000 ] = 0.744
 Average Recall     (AR) @[ IoU=0.50:0.95 | area= small | maxDets=1000 ] = 0.000
 Average Recall     (AR) @[ IoU=0.50:0.95 | area=medium | maxDets=1000 ] = 0.567
 Average Recall     (AR) @[ IoU=0.50:0.95 | area= large | maxDets=1000 ] = 0.844

2023-02-10 19:00:45,174 - mmdet - INFO - Evaluating segm...
2023-02-10 19:00:45,211 - mmdet - INFO - 
 Average Precision  (AP) @[ IoU=0.50:0.95 | area=   all | maxDets=100 ] = 0.729
 Average Precision  (AP) @[ IoU=0.50      | area=   all | maxDets=1000 ] = 0.822
 Average Precision  (AP) @[ IoU=0.75      | area=   all | maxDets=1000 ] = 0.804
 Average Precision  (AP) @[ IoU=0.50:0.95 | area= small | maxDets=1000 ] = 0.000
 Average Precision  (AP) @[ IoU=0.50:0.95 | area=medium | maxDets=1000 ] = 0.456
 Average Precision  (AP) @[ IoU=0.50:0.95 | area= large | maxDets=1000 ] = 0.835
 Average Recall     (AR) @[ IoU=0.50:0.95 | area=   all | maxDets=100 ] = 0.766
 Average Recall     (AR) @[ IoU=0.50:0.95 | area=   all | maxDets=300 ] = 0.766
 Average Recall     (AR) @[ IoU=0.50:0.95 | area=   all | maxDets=1000 ] = 0.766
 Average Recall     (AR) @[ IoU=0.50:0.95 | area= small | maxDets=1000 ] = 0.000
 Average Recall     (AR) @[ IoU=0.50:0.95 | area=medium | maxDets=1000 ] = 0.608
 Average Recall     (AR) @[ IoU=0.50:0.95 | area= large | maxDets=1000 ] = 0.861

2023-02-10 19:00:45,215 - mmdet - INFO - Exp name: mask_rcnn_r50_fpn_balloon.py
2023-02-10 19:00:45,215 - mmdet - INFO - Epoch(val) [20][13]	bbox_mAP: 0.7000, bbox_mAP_50: 0.8225, bbox_mAP_75: 0.7778, bbox_mAP_s: 0.0000, bbox_mAP_m: 0.4169, bbox_mAP_l: 0.8098, bbox_mAP_copypaste: 0.7000 0.8225 0.7778 0.0000 0.4169 0.8098, segm_mAP: 0.7293, segm_mAP_50: 0.8225, segm_mAP_75: 0.8035, segm_mAP_s: 0.0000, segm_mAP_m: 0.4558, segm_mAP_l: 0.8349, segm_mAP_copypaste: 0.7293 0.8225 0.8035 0.0000 0.4558 0.8349
2023-02-10 19:00:57,584 - mmdet - INFO - Epoch [21][10/31]	lr: 2.000e-03, eta: 0:01:31, time: 1.228, data_time: 0.701, memory: 3926, loss_rpn_cls: 0.0007, loss_rpn_bbox: 0.0066, loss_cls: 0.0194, acc: 99.3262, loss_bbox: 0.0369, loss_mask: 0.0471, loss: 0.1107
2023-02-10 19:01:03,009 - mmdet - INFO - Epoch [21][20/31]	lr: 2.000e-03, eta: 0:01:22, time: 0.544, data_time: 0.023, memory: 3926, loss_rpn_cls: 0.0012, loss_rpn_bbox: 0.0087, loss_cls: 0.0231, acc: 99.1406, loss_bbox: 0.0505, loss_mask: 0.0687, loss: 0.1523
2023-02-10 19:01:08,581 - mmdet - INFO - Epoch [21][30/31]	lr: 2.000e-03, eta: 0:01:14, time: 0.556, data_time: 0.019, memory: 3926, loss_rpn_cls: 0.0011, loss_rpn_bbox: 0.0065, loss_cls: 0.0237, acc: 99.1113, loss_bbox: 0.0459, loss_mask: 0.0500, loss: 0.1273
2023-02-10 19:01:17,070 - mmdet - INFO - Evaluating bbox...
2023-02-10 19:01:17,103 - mmdet - INFO - 
 Average Precision  (AP) @[ IoU=0.50:0.95 | area=   all | maxDets=100 ] = 0.700
 Average Precision  (AP) @[ IoU=0.50      | area=   all | maxDets=1000 ] = 0.818
 Average Precision  (AP) @[ IoU=0.75      | area=   all | maxDets=1000 ] = 0.801
 Average Precision  (AP) @[ IoU=0.50:0.95 | area= small | maxDets=1000 ] = 0.000
 Average Precision  (AP) @[ IoU=0.50:0.95 | area=medium | maxDets=1000 ] = 0.441
 Average Precision  (AP) @[ IoU=0.50:0.95 | area= large | maxDets=1000 ] = 0.802
 Average Recall     (AR) @[ IoU=0.50:0.95 | area=   all | maxDets=100 ] = 0.750
 Average Recall     (AR) @[ IoU=0.50:0.95 | area=   all | maxDets=300 ] = 0.750
 Average Recall     (AR) @[ IoU=0.50:0.95 | area=   all | maxDets=1000 ] = 0.750
 Average Recall     (AR) @[ IoU=0.50:0.95 | area= small | maxDets=1000 ] = 0.000
 Average Recall     (AR) @[ IoU=0.50:0.95 | area=medium | maxDets=1000 ] = 0.592
 Average Recall     (AR) @[ IoU=0.50:0.95 | area= large | maxDets=1000 ] = 0.844

2023-02-10 19:01:17,104 - mmdet - INFO - Evaluating segm...
2023-02-10 19:01:17,145 - mmdet - INFO - 
 Average Precision  (AP) @[ IoU=0.50:0.95 | area=   all | maxDets=100 ] = 0.724
 Average Precision  (AP) @[ IoU=0.50      | area=   all | maxDets=1000 ] = 0.818
 Average Precision  (AP) @[ IoU=0.75      | area=   all | maxDets=1000 ] = 0.798
 Average Precision  (AP) @[ IoU=0.50:0.95 | area= small | maxDets=1000 ] = 0.000
 Average Precision  (AP) @[ IoU=0.50:0.95 | area=medium | maxDets=1000 ] = 0.449
 Average Precision  (AP) @[ IoU=0.50:0.95 | area= large | maxDets=1000 ] = 0.828
 Average Recall     (AR) @[ IoU=0.50:0.95 | area=   all | maxDets=100 ] = 0.766
 Average Recall     (AR) @[ IoU=0.50:0.95 | area=   all | maxDets=300 ] = 0.766
 Average Recall     (AR) @[ IoU=0.50:0.95 | area=   all | maxDets=1000 ] = 0.766
 Average Recall     (AR) @[ IoU=0.50:0.95 | area= small | maxDets=1000 ] = 0.000
 Average Recall     (AR) @[ IoU=0.50:0.95 | area=medium | maxDets=1000 ] = 0.608
 Average Recall     (AR) @[ IoU=0.50:0.95 | area= large | maxDets=1000 ] = 0.861

2023-02-10 19:01:17,149 - mmdet - INFO - Exp name: mask_rcnn_r50_fpn_balloon.py
2023-02-10 19:01:17,149 - mmdet - INFO - Epoch(val) [21][13]	bbox_mAP: 0.6996, bbox_mAP_50: 0.8176, bbox_mAP_75: 0.8013, bbox_mAP_s: 0.0000, bbox_mAP_m: 0.4413, bbox_mAP_l: 0.8023, bbox_mAP_copypaste: 0.6996 0.8176 0.8013 0.0000 0.4413 0.8023, segm_mAP: 0.7235, segm_mAP_50: 0.8176, segm_mAP_75: 0.7985, segm_mAP_s: 0.0000, segm_mAP_m: 0.4492, segm_mAP_l: 0.8284, segm_mAP_copypaste: 0.7235 0.8176 0.7985 0.0000 0.4492 0.8284
2023-02-10 19:01:31,050 - mmdet - INFO - Epoch [22][10/31]	lr: 2.000e-03, eta: 0:01:06, time: 1.381, data_time: 0.816, memory: 3926, loss_rpn_cls: 0.0008, loss_rpn_bbox: 0.0080, loss_cls: 0.0255, acc: 99.0918, loss_bbox: 0.0507, loss_mask: 0.0521, loss: 0.1370
2023-02-10 19:01:36,462 - mmdet - INFO - Epoch [22][20/31]	lr: 2.000e-03, eta: 0:00:58, time: 0.541, data_time: 0.019, memory: 3926, loss_rpn_cls: 0.0006, loss_rpn_bbox: 0.0060, loss_cls: 0.0197, acc: 99.1602, loss_bbox: 0.0386, loss_mask: 0.0458, loss: 0.1107
2023-02-10 19:01:41,862 - mmdet - INFO - Epoch [22][30/31]	lr: 2.000e-03, eta: 0:00:49, time: 0.540, data_time: 0.020, memory: 3926, loss_rpn_cls: 0.0010, loss_rpn_bbox: 0.0062, loss_cls: 0.0203, acc: 99.2578, loss_bbox: 0.0404, loss_mask: 0.0490, loss: 0.1168
2023-02-10 19:01:49,678 - mmdet - INFO - Evaluating bbox...
2023-02-10 19:01:49,705 - mmdet - INFO - 
 Average Precision  (AP) @[ IoU=0.50:0.95 | area=   all | maxDets=100 ] = 0.684
 Average Precision  (AP) @[ IoU=0.50      | area=   all | maxDets=1000 ] = 0.809
 Average Precision  (AP) @[ IoU=0.75      | area=   all | maxDets=1000 ] = 0.793
 Average Precision  (AP) @[ IoU=0.50:0.95 | area= small | maxDets=1000 ] = 0.000
 Average Precision  (AP) @[ IoU=0.50:0.95 | area=medium | maxDets=1000 ] = 0.438
 Average Precision  (AP) @[ IoU=0.50:0.95 | area= large | maxDets=1000 ] = 0.782
 Average Recall     (AR) @[ IoU=0.50:0.95 | area=   all | maxDets=100 ] = 0.746
 Average Recall     (AR) @[ IoU=0.50:0.95 | area=   all | maxDets=300 ] = 0.746
 Average Recall     (AR) @[ IoU=0.50:0.95 | area=   all | maxDets=1000 ] = 0.746
 Average Recall     (AR) @[ IoU=0.50:0.95 | area= small | maxDets=1000 ] = 0.000
 Average Recall     (AR) @[ IoU=0.50:0.95 | area=medium | maxDets=1000 ] = 0.583
 Average Recall     (AR) @[ IoU=0.50:0.95 | area= large | maxDets=1000 ] = 0.842

2023-02-10 19:01:49,706 - mmdet - INFO - Evaluating segm...
2023-02-10 19:01:49,726 - mmdet - INFO - 
 Average Precision  (AP) @[ IoU=0.50:0.95 | area=   all | maxDets=100 ] = 0.712
 Average Precision  (AP) @[ IoU=0.50      | area=   all | maxDets=1000 ] = 0.809
 Average Precision  (AP) @[ IoU=0.75      | area=   all | maxDets=1000 ] = 0.790
 Average Precision  (AP) @[ IoU=0.50:0.95 | area= small | maxDets=1000 ] = 0.000
 Average Precision  (AP) @[ IoU=0.50:0.95 | area=medium | maxDets=1000 ] = 0.446
 Average Precision  (AP) @[ IoU=0.50:0.95 | area= large | maxDets=1000 ] = 0.810
 Average Recall     (AR) @[ IoU=0.50:0.95 | area=   all | maxDets=100 ] = 0.764
 Average Recall     (AR) @[ IoU=0.50:0.95 | area=   all | maxDets=300 ] = 0.764
 Average Recall     (AR) @[ IoU=0.50:0.95 | area=   all | maxDets=1000 ] = 0.764
 Average Recall     (AR) @[ IoU=0.50:0.95 | area= small | maxDets=1000 ] = 0.000
 Average Recall     (AR) @[ IoU=0.50:0.95 | area=medium | maxDets=1000 ] = 0.608
 Average Recall     (AR) @[ IoU=0.50:0.95 | area= large | maxDets=1000 ] = 0.858

2023-02-10 19:01:49,731 - mmdet - INFO - Exp name: mask_rcnn_r50_fpn_balloon.py
2023-02-10 19:01:49,731 - mmdet - INFO - Epoch(val) [22][13]	bbox_mAP: 0.6843, bbox_mAP_50: 0.8086, bbox_mAP_75: 0.7927, bbox_mAP_s: 0.0000, bbox_mAP_m: 0.4377, bbox_mAP_l: 0.7819, bbox_mAP_copypaste: 0.6843 0.8086 0.7927 0.0000 0.4377 0.7819, segm_mAP: 0.7117, segm_mAP_50: 0.8086, segm_mAP_75: 0.7895, segm_mAP_s: 0.0000, segm_mAP_m: 0.4463, segm_mAP_l: 0.8100, segm_mAP_copypaste: 0.7117 0.8086 0.7895 0.0000 0.4463 0.8100
2023-02-10 19:02:03,606 - mmdet - INFO - Epoch [23][10/31]	lr: 2.000e-04, eta: 0:00:41, time: 1.380, data_time: 0.824, memory: 3926, loss_rpn_cls: 0.0008, loss_rpn_bbox: 0.0078, loss_cls: 0.0248, acc: 99.1016, loss_bbox: 0.0424, loss_mask: 0.0534, loss: 0.1292
2023-02-10 19:02:09,173 - mmdet - INFO - Epoch [23][20/31]	lr: 2.000e-04, eta: 0:00:33, time: 0.557, data_time: 0.023, memory: 3926, loss_rpn_cls: 0.0008, loss_rpn_bbox: 0.0061, loss_cls: 0.0245, acc: 98.9355, loss_bbox: 0.0471, loss_mask: 0.0500, loss: 0.1284
2023-02-10 19:02:14,661 - mmdet - INFO - Epoch [23][30/31]	lr: 2.000e-04, eta: 0:00:25, time: 0.547, data_time: 0.019, memory: 3926, loss_rpn_cls: 0.0009, loss_rpn_bbox: 0.0052, loss_cls: 0.0186, acc: 99.2676, loss_bbox: 0.0361, loss_mask: 0.0525, loss: 0.1132
2023-02-10 19:02:24,306 - mmdet - INFO - Evaluating bbox...
2023-02-10 19:02:24,358 - mmdet - INFO - 
 Average Precision  (AP) @[ IoU=0.50:0.95 | area=   all | maxDets=100 ] = 0.703
 Average Precision  (AP) @[ IoU=0.50      | area=   all | maxDets=1000 ] = 0.820
 Average Precision  (AP) @[ IoU=0.75      | area=   all | maxDets=1000 ] = 0.803
 Average Precision  (AP) @[ IoU=0.50:0.95 | area= small | maxDets=1000 ] = 0.000
 Average Precision  (AP) @[ IoU=0.50:0.95 | area=medium | maxDets=1000 ] = 0.444
 Average Precision  (AP) @[ IoU=0.50:0.95 | area= large | maxDets=1000 ] = 0.806
 Average Recall     (AR) @[ IoU=0.50:0.95 | area=   all | maxDets=100 ] = 0.748
 Average Recall     (AR) @[ IoU=0.50:0.95 | area=   all | maxDets=300 ] = 0.748
 Average Recall     (AR) @[ IoU=0.50:0.95 | area=   all | maxDets=1000 ] = 0.748
 Average Recall     (AR) @[ IoU=0.50:0.95 | area= small | maxDets=1000 ] = 0.000
 Average Recall     (AR) @[ IoU=0.50:0.95 | area=medium | maxDets=1000 ] = 0.592
 Average Recall     (AR) @[ IoU=0.50:0.95 | area= large | maxDets=1000 ] = 0.842

2023-02-10 19:02:24,359 - mmdet - INFO - Evaluating segm...
2023-02-10 19:02:24,418 - mmdet - INFO - 
 Average Precision  (AP) @[ IoU=0.50:0.95 | area=   all | maxDets=100 ] = 0.726
 Average Precision  (AP) @[ IoU=0.50      | area=   all | maxDets=1000 ] = 0.820
 Average Precision  (AP) @[ IoU=0.75      | area=   all | maxDets=1000 ] = 0.800
 Average Precision  (AP) @[ IoU=0.50:0.95 | area= small | maxDets=1000 ] = 0.000
 Average Precision  (AP) @[ IoU=0.50:0.95 | area=medium | maxDets=1000 ] = 0.446
 Average Precision  (AP) @[ IoU=0.50:0.95 | area= large | maxDets=1000 ] = 0.832
 Average Recall     (AR) @[ IoU=0.50:0.95 | area=   all | maxDets=100 ] = 0.766
 Average Recall     (AR) @[ IoU=0.50:0.95 | area=   all | maxDets=300 ] = 0.766
 Average Recall     (AR) @[ IoU=0.50:0.95 | area=   all | maxDets=1000 ] = 0.766
 Average Recall     (AR) @[ IoU=0.50:0.95 | area= small | maxDets=1000 ] = 0.000
 Average Recall     (AR) @[ IoU=0.50:0.95 | area=medium | maxDets=1000 ] = 0.608
 Average Recall     (AR) @[ IoU=0.50:0.95 | area= large | maxDets=1000 ] = 0.861

2023-02-10 19:02:24,423 - mmdet - INFO - Exp name: mask_rcnn_r50_fpn_balloon.py
2023-02-10 19:02:24,424 - mmdet - INFO - Epoch(val) [23][13]	bbox_mAP: 0.7032, bbox_mAP_50: 0.8196, bbox_mAP_75: 0.8029, bbox_mAP_s: 0.0000, bbox_mAP_m: 0.4440, bbox_mAP_l: 0.8062, bbox_mAP_copypaste: 0.7032 0.8196 0.8029 0.0000 0.4440 0.8062, segm_mAP: 0.7259, segm_mAP_50: 0.8196, segm_mAP_75: 0.7998, segm_mAP_s: 0.0000, segm_mAP_m: 0.4463, segm_mAP_l: 0.8321, segm_mAP_copypaste: 0.7259 0.8196 0.7998 0.0000 0.4463 0.8321
2023-02-10 19:02:37,677 - mmdet - INFO - Epoch [24][10/31]	lr: 2.000e-04, eta: 0:00:16, time: 1.317, data_time: 0.753, memory: 3926, loss_rpn_cls: 0.0006, loss_rpn_bbox: 0.0061, loss_cls: 0.0207, acc: 99.1797, loss_bbox: 0.0389, loss_mask: 0.0534, loss: 0.1198
2023-02-10 19:02:43,302 - mmdet - INFO - Epoch [24][20/31]	lr: 2.000e-04, eta: 0:00:08, time: 0.562, data_time: 0.023, memory: 3926, loss_rpn_cls: 0.0009, loss_rpn_bbox: 0.0037, loss_cls: 0.0164, acc: 99.3555, loss_bbox: 0.0311, loss_mask: 0.0478, loss: 0.1000
2023-02-10 19:02:48,538 - mmdet - INFO - Epoch [24][30/31]	lr: 2.000e-04, eta: 0:00:00, time: 0.524, data_time: 0.020, memory: 3926, loss_rpn_cls: 0.0009, loss_rpn_bbox: 0.0075, loss_cls: 0.0243, acc: 99.1895, loss_bbox: 0.0437, loss_mask: 0.0542, loss: 0.1307
2023-02-10 19:02:49,335 - mmdet - INFO - Saving checkpoint at 24 epochs
2023-02-10 19:02:57,968 - mmdet - INFO - Evaluating bbox...
2023-02-10 19:02:57,989 - mmdet - INFO - 
 Average Precision  (AP) @[ IoU=0.50:0.95 | area=   all | maxDets=100 ] = 0.705
 Average Precision  (AP) @[ IoU=0.50      | area=   all | maxDets=1000 ] = 0.819
 Average Precision  (AP) @[ IoU=0.75      | area=   all | maxDets=1000 ] = 0.803
 Average Precision  (AP) @[ IoU=0.50:0.95 | area= small | maxDets=1000 ] = 0.000
 Average Precision  (AP) @[ IoU=0.50:0.95 | area=medium | maxDets=1000 ] = 0.442
 Average Precision  (AP) @[ IoU=0.50:0.95 | area= large | maxDets=1000 ] = 0.810
 Average Recall     (AR) @[ IoU=0.50:0.95 | area=   all | maxDets=100 ] = 0.750
 Average Recall     (AR) @[ IoU=0.50:0.95 | area=   all | maxDets=300 ] = 0.750
 Average Recall     (AR) @[ IoU=0.50:0.95 | area=   all | maxDets=1000 ] = 0.750
 Average Recall     (AR) @[ IoU=0.50:0.95 | area= small | maxDets=1000 ] = 0.000
 Average Recall     (AR) @[ IoU=0.50:0.95 | area=medium | maxDets=1000 ] = 0.583
 Average Recall     (AR) @[ IoU=0.50:0.95 | area= large | maxDets=1000 ] = 0.847

2023-02-10 19:02:57,989 - mmdet - INFO - Evaluating segm...
2023-02-10 19:02:58,012 - mmdet - INFO - 
 Average Precision  (AP) @[ IoU=0.50:0.95 | area=   all | maxDets=100 ] = 0.726
 Average Precision  (AP) @[ IoU=0.50      | area=   all | maxDets=1000 ] = 0.819
 Average Precision  (AP) @[ IoU=0.75      | area=   all | maxDets=1000 ] = 0.799
 Average Precision  (AP) @[ IoU=0.50:0.95 | area= small | maxDets=1000 ] = 0.000
 Average Precision  (AP) @[ IoU=0.50:0.95 | area=medium | maxDets=1000 ] = 0.448
 Average Precision  (AP) @[ IoU=0.50:0.95 | area= large | maxDets=1000 ] = 0.832
 Average Recall     (AR) @[ IoU=0.50:0.95 | area=   all | maxDets=100 ] = 0.766
 Average Recall     (AR) @[ IoU=0.50:0.95 | area=   all | maxDets=300 ] = 0.766
 Average Recall     (AR) @[ IoU=0.50:0.95 | area=   all | maxDets=1000 ] = 0.766
 Average Recall     (AR) @[ IoU=0.50:0.95 | area= small | maxDets=1000 ] = 0.000
 Average Recall     (AR) @[ IoU=0.50:0.95 | area=medium | maxDets=1000 ] = 0.608
 Average Recall     (AR) @[ IoU=0.50:0.95 | area= large | maxDets=1000 ] = 0.861

2023-02-10 19:02:58,014 - mmdet - INFO - Exp name: mask_rcnn_r50_fpn_balloon.py
2023-02-10 19:02:58,015 - mmdet - INFO - Epoch(val) [24][13]	bbox_mAP: 0.7046, bbox_mAP_50: 0.8192, bbox_mAP_75: 0.8027, bbox_mAP_s: 0.0000, bbox_mAP_m: 0.4425, bbox_mAP_l: 0.8100, bbox_mAP_copypaste: 0.7046 0.8192 0.8027 0.0000 0.4425 0.8100, segm_mAP: 0.7255, segm_mAP_50: 0.8192, segm_mAP_75: 0.7995, segm_mAP_s: 0.0000, segm_mAP_m: 0.4480, segm_mAP_l: 0.8320, segm_mAP_copypaste: 0.7255 0.8192 0.7995 0.0000 0.4480 0.8320
